ID: 26746
Title: RBAC create table with sub-queries does not return not enough privileges error after revoke
Description:
**Describe the bug**

RBAC test for creating a table with sub-queries started to fail on master. As you can see from the commands below
we revoke select privilege on table2, but grant on table0 and table1. Because we don't have select privilege on table2 we expect
the create command to fail with not enough privileges error but now we get that table already exists error. 
```
                 3ms                      [clickhouse1] bash# echo -e "REVOKE SELECT ON table2_create_with_subquery_privilege_granted_directly_265f3a5d_e830_11eb_bd7d_15b32ea213f3 FROM user_create_with_subquery_privilege_granted_directly_or_via_role_265f3a58_e830_11eb_bd7d_15b32ea213f3" | clickhouse client -n
                37ms                      [clickhouse1] bash# echo $?
                38ms                      [clickhouse1] 0
                38ms                      [clickhouse1] bash#
                 3ms                      [clickhouse1] bash# echo -e "GRANT SELECT ON table0_create_with_subquery_privilege_granted_directly_265f3a5b_e830_11eb_bd7d_15b32ea213f3 TO user_create_with_subquery_privilege_granted_directly_or_via_role_265f3a58_e830_11eb_bd7d_15b32ea213f3" | clickhouse client -n
                40ms                      [clickhouse1] bash# echo $?
                40ms                      [clickhouse1] 0
                41ms                      [clickhouse1] bash#
                 3ms                      [clickhouse1] bash# echo -e "GRANT SELECT ON table1_create_with_subquery_privilege_granted_directly_265f3a5c_e830_11eb_bd7d_15b32ea213f3 TO user_create_with_subquery_privilege_granted_directly_or_via_role_265f3a58_e830_11eb_bd7d_15b32ea213f3" | clickhouse client -n
                38ms                      [clickhouse1] bash# echo $?
                38ms                      [clickhouse1] 0
                38ms                      [clickhouse1] bash#
                 2ms                        [clickhouse1] bash# echo -e "CREATE TABLE table_create_with_subquery_privilege_granted_directly_265f3a5a_e830_11eb_bd7d_15b32ea213f3 ENGINE = Memory AS SELECT * FROM table0_create_with_subquery_privilege_granted_directly_265f3a5b_e830_11eb_bd7d_15b32ea213f3 WHERE y IN (SELECT y FROM table1_create_with_subquery_privilege_granted_directly_265f3a5c_e830_11eb_bd7d_15b32ea213f3 WHERE y IN (SELECT y FROM table2_create_with_subquery_privilege_granted_directly_265f3a5d_e830_11eb_bd7d_15b32ea213f3 WHERE y<2))" | clickhouse client -n --user "user_create_with_subquery_privilege_granted_directly_or_via_role_265f3a58_e830_11eb_bd7d_15b32ea213f3"
                45ms                        [clickhouse1] Received exception from server (version 21.9.1):
                45ms                        [clickhouse1] Code: 57. DB::Exception: Received from localhost:9000. DB::Exception: Table default.table_create_with_subquery_privilege_granted_directly_265f3a5a_e830_11eb_bd7d_15b32ea213f3 already exists.. (TABLE_ALREADY_EXISTS)
                51ms                        [clickhouse1] bash# echo $?
                51ms                        [clickhouse1] 57
                51ms                        [clickhouse1] bash#
```

See https://clickhouse-test-reports.s3.yandex.net/26468/70701d2606abe934cef48f77f52ed9ef536eaa23/testflows_check.html#fail1 for details. 

The following tests have to be crossed out because of this issue:
```
"/rbac/privileges/create table/create with subquery privilege granted directly or via role/create with subquery, privilege granted directly"
"/rbac/privileges/create table/create with subquery privilege granted directly or via role/create with subquery, privilege granted through a role"
"/rbac/views/live view/create with join subquery privilege granted directly or via role/create with join subquery, privilege granted directly"
"/rbac/views/live view/create with join subquery privilege granted directly or via role/create with join subquery, privilege granted through a role"
```
**Does it reproduce on recent release?**

Reproduced on current master.

**How to reproduce**

Run TestFlows RBAC tests and make sure the following tests pass and don't have either Fail of XFail result.

**Expected behavior**

Tests should pass.
