ID: 4789
Title: I got a build error in centos7 for 19.3.5
Description:
centos7
gcc7.3.0
cmake3.13.2

error in command "make -j 4"

[ 25%] Linking CXX executable rvo_test
[ 25%] Built target farmhash
g++: error: libs/libglibc-compatibility/libglibc-compatibility.a: No such file or directory
make[2]: *** [dbms/src/Core/tests/rvo_test] Error 1
make[1]: *** [dbms/src/Core/tests/CMakeFiles/rvo_test.dir/all] Error 2
make[1]: *** Waiting for unfinished jobs....
[ 26%] Built target metrohash
[ 26%] Built target murmurhash
[ 26%] Built target thrift_static
make: *** [all] Error 2

please help.