ID: 8745
Title: Code: 215, e.displayText() = DB::Exception: Column level is not under aggregate function and not in GROUP BY. (version 19.17.4.11 (official build))
Description:
(you don't have to strictly follow this form)

**Describe the bug or unexpected behaviour**
A clear and concise description of what works not as it is supposed to.

**How to reproduce**
version 19.17.4.11 (official build)
```
SELECT level, runtime, request_id AS errorRequestId, yandexuid, original_message AS originalMessage, platform, user_agent AS errorUseragent, url AS errorUrl, file AS errorFile, arrayMap((key, value) -> concat(key, ': ', value), kv_keys, kv_values) AS additionalKeyValue, is_internal AS isInternal, is_robot AS isRobot, ipv6 AS ip, if(notEmpty(ipv6), dictGetString('ip_mapper', 'asn', tuple(IPv6StringToNum(ipv6))), '') AS asn,
    if(
        notEmpty(ipv6),
        if(
            startsWith(ipv6, '::ffff:'),
                dictGetString(
                    'rum.ip_mapper_isp',
                    'isp',
                    tuple(IPv4StringToNum(replaceOne(ipv6, '::ffff:', '')))
                ),
                dictGetString(
                    'rum.ip_mapper_isp',
                    'isp',
                    tuple(IPv6StringToNum(ipv6))
                )
        ),
    ''
    )
     AS isp, is_adblock AS adb, test_ids AS testIds, exp_flgs AS expFlags, source, method, source_method AS sourceMethod, source_type AS sourceType, block, service, regionToName(regionToCity(region)) AS errorCity, regionToName(regionToCountry(region)) AS errorCountry, region, line, col, cdn, environment, vhost AS errorDomain, version, page, dc, toDateTime(timestamp) AS timestamp, original_stack_trace AS originalStackTrace, toDateTime(client_timestamp) AS clientTimestamp FROM rum.errors PREWHERE (greaterOrEquals(toDateTime(timestamp), '2020-01-16 14:45:31') AND greaterOrEquals(date, '2020-01-16') AND equals(project, 'web4') AND equals(message_id, 15105450741386215643)) ORDER BY COUNT() DESC LIMIT 30 Format JSON
```

**Expected behavior**
Wrong error, query without group by

**Error message and/or stacktrace**
```
ON
exception:            Code: 215, e.displayText() = DB::Exception: Column level is not under aggregate function and not in GROUP BY. (version 19.17.4.11 (official build))
stack_trace:          0. 0x5606286c7f60 StackTrace::StackTrace() /usr/bin/clickhouse
1. 0x5606286c7d35 DB::Exception::Exception(std::__cxx11::basic_string<char, std::char_traits<char>, std::allocator<char> > const&, int) /usr/bin/clickhouse
2. 0x560628507f3a ? /usr/bin/clickhouse
3. 0x56062c1fbf60 DB::InDepthNodeVisitor<DB::ActionsMatcher, true, std::shared_ptr<DB::IAST> const>::visit(std::shared_ptr<DB::IAST> const&) /usr/bin/clickhouse
4. 0x56062c1fbf9b DB::InDepthNodeVisitor<DB::ActionsMatcher, true, std::shared_ptr<DB::IAST> const>::visit(std::shared_ptr<DB::IAST> const&) /usr/bin/clickhouse
5. 0x56062c1f4c41 ? /usr/bin/clickhouse
6. 0x56062c1f657d DB::SelectQueryExpressionAnalyzer::appendSelect(DB::ExpressionActionsChain&, bool) /usr/bin/clickhouse
7. 0x56062ba82768 DB::InterpreterSelectQuery::analyzeExpressions(DB::ASTSelectQuery const&, DB::SelectQueryExpressionAnalyzer&, DB::QueryProcessingStage::Enum, DB::QueryProcessingStage::Enum, DB::Context const&, std::shared_ptr<DB::IStorage> const&, bool, std::shared_ptr<DB::FilterInfo> const&, DB::Block const&) /usr/bin/clickhouse
8. 0x56062ba83551 DB::InterpreterSelectQuery::getSampleBlockImpl() /usr/bin/clickhouse
9. 0x56062ba88f97 ? /usr/bin/clickhouse
10. 0x56062ba89a64 DB::InterpreterSelectQuery::InterpreterSelectQuery(std::shared_ptr<DB::IAST> const&, DB::Context const&, std::shared_ptr<DB::IBlockInputStream> const&, std::shared_ptr<DB::IStorage> const&, DB::SelectQueryOptions const&, std::vector<std::__cxx11::basic_string<char, std::char_traits<char>, std::allocator<char> >, std::allocator<std::__cxx11::basic_string<char, std::char_traits<char>, std::allocator<char> > > > const&) /usr/bin/clickhouse
11. 0x56062ba8a477 DB::InterpreterSelectQuery::InterpreterSelectQuery(std::shared_ptr<DB::IAST> const&, DB::Context const&, DB::SelectQueryOptions const&, std::vector<std::__cxx11::basic_string<char, std::char_traits<char>, std::allocator<char> >, std::allocator<std::__cxx11::basic_string<char, std::char_traits<char>, std::allocator<char> > > > const&) /usr/bin/clickhouse
12. 0x56062baae6cb DB::InterpreterSelectWithUnionQuery::InterpreterSelectWithUnionQuery(std::shared_ptr<DB::IAST> const&, DB::Context const&, DB::SelectQueryOptions const&, std::vector<std::__cxx11::basic_string<char, std::char_traits<char>, std::allocator<char> >, std::allocator<std::__cxx11::basic_string<char, std::char_traits<char>, std::allocator<char> > > > const&) /usr/bin/clickhouse
13. 0x56062ba66148 DB::InterpreterFactory::get(std::shared_ptr<DB::IAST>&, DB::Context&, DB::QueryProcessingStage::Enum) /usr/bin/clickhouse
14. 0x56062bbb03ca ? /usr/bin/clickhouse
15. 0x56062bbb1c18 DB::executeQuery(DB::ReadBuffer&, DB::WriteBuffer&, bool, DB::Context&, std::function<void (std::__cxx11::basic_string<char, std::char_traits<char>, std::allocator<char> > const&)>, std::function<void (std::__cxx11::basic_string<char, std::char_traits<char>, std::allocator<char> > const&)>) /usr/bin/clickhouse
16. 0x56062875cdee DB::HTTPHandler::processQuery(Poco::Net::HTTPServerRequest&, HTMLForm&, Poco::Net::HTTPServerResponse&, DB::HTTPHandler::Output&) /usr/bin/clickhouse
17. 0x56062875f169 DB::HTTPHandler::handleRequest(Poco::Net::HTTPServerRequest&, Poco::Net::HTTPServerResponse&) /usr/bin/clickhouse
18. 0x56062c6510e9 Poco::Net::HTTPServerConnection::run() /usr/bin/clickhouse
19. 0x56062c64d660 Poco::Net::TCPServerConnection::start() /usr/bin/clickhouse
20. 0x56062c64dd7d Poco::Net::TCPServerDispatcher::run() /usr/bin/clickhouse
21. 0x56062dd23ef1 Poco::PooledThread::run() /usr/bin/clickhouse
22. 0x56062dd21c9c Poco::ThreadImpl::runnableEntry(void*) /usr/bin/clickhouse
23. 0x56062e497e00 ? /usr/bin/clickhouse
24. 0x7f89f523b6db start_thread /lib/x86_64-linux-gnu/libpthread-2.27.so
25. 0x7f89f4b5888f __clone /lib/x86_64-linux-gnu/libc-2.27.so
```

**Additional context**
Add any other context about the problem here.
