ID: 13273
Title: pip install duckdb failed on MSYS2 environment
Description:
### What happens?

duckdb can't install on msys2 or cygwin environment:

```sh
$ pip install -U --user duckdb
Looking in indexes: https://pypi.tuna.tsinghua.edu.cn/simple
Collecting duckdb
  Using cached https://pypi.tuna.tsinghua.edu.cn/packages/70/6b/dd0c791af51cb464bc6ba57394d1ce6730ea528776314b24fce534258377/duckdb-1.0.0.tar.gz (11.4 MB)
  Installing build dependencies ... done
  Getting requirements to build wheel ... done
  Preparing metadata (pyproject.toml) ... done
Building wheels for collected packages: duckdb
  Building wheel for duckdb (pyproject.toml) ... error
  error: subprocess-exited-with-error

  × Building wheel for duckdb (pyproject.toml) did not run successfully.
  │ exit code: 1
  ╰─> [159 lines of output]
      C:/Users/abcfy/AppData/Local/Temp/pip-build-env-cpc3kx06/overlay/lib/python3.11/site-packages/setuptools/_distutils/dist.py:268: UserWarning: Unknown distribution option: 'tests_require'
        warnings.warn(msg)
      running bdist_wheel
      running build
      running build_py
      creating build
      creating build/lib.mingw_x86_64_ucrt-cpython-311
      creating build/lib.mingw_x86_64_ucrt-cpython-311/duckdb
      copying duckdb/bytes_io_wrapper.py -> build/lib.mingw_x86_64_ucrt-cpython-311/duckdb
      copying duckdb/filesystem.py -> build/lib.mingw_x86_64_ucrt-cpython-311/duckdb
      copying duckdb/udf.py -> build/lib.mingw_x86_64_ucrt-cpython-311/duckdb
      copying duckdb/__init__.py -> build/lib.mingw_x86_64_ucrt-cpython-311/duckdb
      creating build/lib.mingw_x86_64_ucrt-cpython-311/duckdb/typing
      copying duckdb/typing/__init__.py -> build/lib.mingw_x86_64_ucrt-cpython-311/duckdb/typing
      creating build/lib.mingw_x86_64_ucrt-cpython-311/duckdb/query_graph
      copying duckdb/query_graph/__main__.py -> build/lib.mingw_x86_64_ucrt-cpython-311/duckdb/query_graph
      creating build/lib.mingw_x86_64_ucrt-cpython-311/duckdb/functional
      copying duckdb/functional/__init__.py -> build/lib.mingw_x86_64_ucrt-cpython-311/duckdb/functional
      creating build/lib.mingw_x86_64_ucrt-cpython-311/duckdb/value
      copying duckdb/value/constant.py -> build/lib.mingw_x86_64_ucrt-cpython-311/duckdb/value
      creating build/lib.mingw_x86_64_ucrt-cpython-311/adbc_driver_duckdb
      copying adbc_driver_duckdb/dbapi.py -> build/lib.mingw_x86_64_ucrt-cpython-311/adbc_driver_duckdb
      copying adbc_driver_duckdb/__init__.py -> build/lib.mingw_x86_64_ucrt-cpython-311/adbc_driver_duckdb
      creating build/lib.mingw_x86_64_ucrt-cpython-311/duckdb/experimental
      copying duckdb/experimental/__init__.py -> build/lib.mingw_x86_64_ucrt-cpython-311/duckdb/experimental
      creating build/lib.mingw_x86_64_ucrt-cpython-311/duckdb/experimental/spark
      copying duckdb/experimental/spark/conf.py -> build/lib.mingw_x86_64_ucrt-cpython-311/duckdb/experimental/spark
      copying duckdb/experimental/spark/context.py -> build/lib.mingw_x86_64_ucrt-cpython-311/duckdb/experimental/spark
      copying duckdb/experimental/spark/exception.py -> build/lib.mingw_x86_64_ucrt-cpython-311/duckdb/experimental/spark
      copying duckdb/experimental/spark/_globals.py -> build/lib.mingw_x86_64_ucrt-cpython-311/duckdb/experimental/spark
      copying duckdb/experimental/spark/_typing.py -> build/lib.mingw_x86_64_ucrt-cpython-311/duckdb/experimental/spark
      copying duckdb/experimental/spark/__init__.py -> build/lib.mingw_x86_64_ucrt-cpython-311/duckdb/experimental/spark
      creating build/lib.mingw_x86_64_ucrt-cpython-311/duckdb/experimental/spark/sql
      copying duckdb/experimental/spark/sql/catalog.py -> build/lib.mingw_x86_64_ucrt-cpython-311/duckdb/experimental/spark/sql
      copying duckdb/experimental/spark/sql/column.py -> build/lib.mingw_x86_64_ucrt-cpython-311/duckdb/experimental/spark/sql
      copying duckdb/experimental/spark/sql/conf.py -> build/lib.mingw_x86_64_ucrt-cpython-311/duckdb/experimental/spark/sql
      copying duckdb/experimental/spark/sql/dataframe.py -> build/lib.mingw_x86_64_ucrt-cpython-311/duckdb/experimental/spark/sql
      copying duckdb/experimental/spark/sql/functions.py -> build/lib.mingw_x86_64_ucrt-cpython-311/duckdb/experimental/spark/sql
      copying duckdb/experimental/spark/sql/group.py -> build/lib.mingw_x86_64_ucrt-cpython-311/duckdb/experimental/spark/sql
      copying duckdb/experimental/spark/sql/readwriter.py -> build/lib.mingw_x86_64_ucrt-cpython-311/duckdb/experimental/spark/sql
      copying duckdb/experimental/spark/sql/session.py -> build/lib.mingw_x86_64_ucrt-cpython-311/duckdb/experimental/spark/sql
      copying duckdb/experimental/spark/sql/streaming.py -> build/lib.mingw_x86_64_ucrt-cpython-311/duckdb/experimental/spark/sql
      copying duckdb/experimental/spark/sql/types.py -> build/lib.mingw_x86_64_ucrt-cpython-311/duckdb/experimental/spark/sql
      copying duckdb/experimental/spark/sql/type_utils.py -> build/lib.mingw_x86_64_ucrt-cpython-311/duckdb/experimental/spark/sql
      copying duckdb/experimental/spark/sql/udf.py -> build/lib.mingw_x86_64_ucrt-cpython-311/duckdb/experimental/spark/sql
      copying duckdb/experimental/spark/sql/_typing.py -> build/lib.mingw_x86_64_ucrt-cpython-311/duckdb/experimental/spark/sql
      copying duckdb/experimental/spark/sql/__init__.py -> build/lib.mingw_x86_64_ucrt-cpython-311/duckdb/experimental/spark/sql
      creating build/lib.mingw_x86_64_ucrt-cpython-311/duckdb/experimental/spark/errors
      copying duckdb/experimental/spark/errors/error_classes.py -> build/lib.mingw_x86_64_ucrt-cpython-311/duckdb/experimental/spark/errors
      copying duckdb/experimental/spark/errors/utils.py -> build/lib.mingw_x86_64_ucrt-cpython-311/duckdb/experimental/spark/errors
      copying duckdb/experimental/spark/errors/__init__.py -> build/lib.mingw_x86_64_ucrt-cpython-311/duckdb/experimental/spark/errors
      creating build/lib.mingw_x86_64_ucrt-cpython-311/duckdb/experimental/spark/errors/exceptions
      copying duckdb/experimental/spark/errors/exceptions/base.py -> build/lib.mingw_x86_64_ucrt-cpython-311/duckdb/experimental/spark/errors/exceptions
      copying duckdb/experimental/spark/errors/exceptions/__init__.py -> build/lib.mingw_x86_64_ucrt-cpython-311/duckdb/experimental/spark/errors/exceptions
      running egg_info
      writing duckdb.egg-info/PKG-INFO
      writing dependency_links to duckdb.egg-info/dependency_links.txt
      writing top-level names to duckdb.egg-info/top_level.txt
      ERROR setuptools_scm._file_finders.git listing git files failed - pretending there aren't any
      reading manifest file 'duckdb.egg-info/SOURCES.txt'
      reading manifest template 'MANIFEST.in'
      warning: no files found matching '*.h' under directory 'duckdb'
      warning: no files found matching '*.hpp' under directory 'duckdb'
      warning: no files found matching '*.cpp' under directory 'duckdb'
      warning: no files found matching '*.h' under directory 'src'
      warning: manifest_maker: MANIFEST.in, line 6: 'recursive-include' expects <dir> <pattern1> <pattern2> ...

      writing manifest file 'duckdb.egg-info/SOURCES.txt'
      creating build/lib.mingw_x86_64_ucrt-cpython-311/duckdb-stubs
      copying duckdb-stubs/__init__.pyi -> build/lib.mingw_x86_64_ucrt-cpython-311/duckdb-stubs
      creating build/lib.mingw_x86_64_ucrt-cpython-311/duckdb-stubs/functional
      copying duckdb-stubs/functional/__init__.pyi -> build/lib.mingw_x86_64_ucrt-cpython-311/duckdb-stubs/functional
      creating build/lib.mingw_x86_64_ucrt-cpython-311/duckdb-stubs/typing
      copying duckdb-stubs/typing/__init__.pyi -> build/lib.mingw_x86_64_ucrt-cpython-311/duckdb-stubs/typing
      creating build/lib.mingw_x86_64_ucrt-cpython-311/duckdb-stubs/value
      copying duckdb-stubs/value/__init__.pyi -> build/lib.mingw_x86_64_ucrt-cpython-311/duckdb-stubs/value
      creating build/lib.mingw_x86_64_ucrt-cpython-311/duckdb-stubs/value/constant
      copying duckdb-stubs/value/constant/__init__.pyi -> build/lib.mingw_x86_64_ucrt-cpython-311/duckdb-stubs/value/constant
      copying duckdb/experimental/spark/LICENSE -> build/lib.mingw_x86_64_ucrt-cpython-311/duckdb/experimental/spark
      running build_ext
      building 'duckdb.duckdb' extension
      creating build/temp.mingw_x86_64_ucrt-cpython-311
      creating build/temp.mingw_x86_64_ucrt-cpython-311/duckdb_build
      creating build/temp.mingw_x86_64_ucrt-cpython-311/duckdb_build/extension
      creating build/temp.mingw_x86_64_ucrt-cpython-311/duckdb_build/extension/fts
      creating build/temp.mingw_x86_64_ucrt-cpython-311/duckdb_build/extension/icu
      creating build/temp.mingw_x86_64_ucrt-cpython-311/duckdb_build/extension/icu/third_party
      creating build/temp.mingw_x86_64_ucrt-cpython-311/duckdb_build/extension/icu/third_party/icu
      creating build/temp.mingw_x86_64_ucrt-cpython-311/duckdb_build/extension/icu/third_party/icu/stubdata
      creating build/temp.mingw_x86_64_ucrt-cpython-311/duckdb_build/extension/json
      creating build/temp.mingw_x86_64_ucrt-cpython-311/duckdb_build/extension/parquet
      creating build/temp.mingw_x86_64_ucrt-cpython-311/duckdb_build/extension/tpcds
      creating build/temp.mingw_x86_64_ucrt-cpython-311/duckdb_build/extension/tpcds/dsdgen
      creating build/temp.mingw_x86_64_ucrt-cpython-311/duckdb_build/extension/tpcds/dsdgen/dsdgen-c
      creating build/temp.mingw_x86_64_ucrt-cpython-311/duckdb_build/extension/tpch
      creating build/temp.mingw_x86_64_ucrt-cpython-311/duckdb_build/extension/tpch/dbgen
      creating build/temp.mingw_x86_64_ucrt-cpython-311/duckdb_build/src
      creating build/temp.mingw_x86_64_ucrt-cpython-311/duckdb_build/src/common
      creating build/temp.mingw_x86_64_ucrt-cpython-311/duckdb_build/src/common/vector_operations
      creating build/temp.mingw_x86_64_ucrt-cpython-311/duckdb_build/src/verification
      creating build/temp.mingw_x86_64_ucrt-cpython-311/duckdb_build/third_party
      creating build/temp.mingw_x86_64_ucrt-cpython-311/duckdb_build/third_party/fastpforlib
      creating build/temp.mingw_x86_64_ucrt-cpython-311/duckdb_build/third_party/fmt
      creating build/temp.mingw_x86_64_ucrt-cpython-311/duckdb_build/third_party/fsst
      creating build/temp.mingw_x86_64_ucrt-cpython-311/duckdb_build/third_party/hyperloglog
      creating build/temp.mingw_x86_64_ucrt-cpython-311/duckdb_build/third_party/libpg_query
      creating build/temp.mingw_x86_64_ucrt-cpython-311/duckdb_build/third_party/lz4
      creating build/temp.mingw_x86_64_ucrt-cpython-311/duckdb_build/third_party/mbedtls
      creating build/temp.mingw_x86_64_ucrt-cpython-311/duckdb_build/third_party/mbedtls/library
      creating build/temp.mingw_x86_64_ucrt-cpython-311/duckdb_build/third_party/miniz
      creating build/temp.mingw_x86_64_ucrt-cpython-311/duckdb_build/third_party/parquet
      creating build/temp.mingw_x86_64_ucrt-cpython-311/duckdb_build/third_party/re2
      creating build/temp.mingw_x86_64_ucrt-cpython-311/duckdb_build/third_party/re2/re2
      creating build/temp.mingw_x86_64_ucrt-cpython-311/duckdb_build/third_party/re2/util
      creating build/temp.mingw_x86_64_ucrt-cpython-311/duckdb_build/third_party/skiplist
      creating build/temp.mingw_x86_64_ucrt-cpython-311/duckdb_build/third_party/snappy
      creating build/temp.mingw_x86_64_ucrt-cpython-311/duckdb_build/third_party/snowball
      creating build/temp.mingw_x86_64_ucrt-cpython-311/duckdb_build/third_party/snowball/libstemmer
      creating build/temp.mingw_x86_64_ucrt-cpython-311/duckdb_build/third_party/snowball/runtime
      creating build/temp.mingw_x86_64_ucrt-cpython-311/duckdb_build/third_party/snowball/src_c
      creating build/temp.mingw_x86_64_ucrt-cpython-311/duckdb_build/third_party/thrift
      creating build/temp.mingw_x86_64_ucrt-cpython-311/duckdb_build/third_party/thrift/thrift
      creating build/temp.mingw_x86_64_ucrt-cpython-311/duckdb_build/third_party/thrift/thrift/protocol
      creating build/temp.mingw_x86_64_ucrt-cpython-311/duckdb_build/third_party/thrift/thrift/transport
      creating build/temp.mingw_x86_64_ucrt-cpython-311/duckdb_build/third_party/utf8proc
      creating build/temp.mingw_x86_64_ucrt-cpython-311/duckdb_build/third_party/yyjson
      creating build/temp.mingw_x86_64_ucrt-cpython-311/duckdb_build/third_party/zstd
      creating build/temp.mingw_x86_64_ucrt-cpython-311/duckdb_build/third_party/zstd/common
      creating build/temp.mingw_x86_64_ucrt-cpython-311/duckdb_build/third_party/zstd/compress
      creating build/temp.mingw_x86_64_ucrt-cpython-311/duckdb_build/third_party/zstd/decompress
      creating build/temp.mingw_x86_64_ucrt-cpython-311/src
      creating build/temp.mingw_x86_64_ucrt-cpython-311/src/arrow
      creating build/temp.mingw_x86_64_ucrt-cpython-311/src/common
      creating build/temp.mingw_x86_64_ucrt-cpython-311/src/functional
      creating build/temp.mingw_x86_64_ucrt-cpython-311/src/jupyter
      creating build/temp.mingw_x86_64_ucrt-cpython-311/src/native
      creating build/temp.mingw_x86_64_ucrt-cpython-311/src/numpy
      creating build/temp.mingw_x86_64_ucrt-cpython-311/src/pandas
      creating build/temp.mingw_x86_64_ucrt-cpython-311/src/pybind11
      creating build/temp.mingw_x86_64_ucrt-cpython-311/src/pyconnection
      creating build/temp.mingw_x86_64_ucrt-cpython-311/src/pyexpression
      creating build/temp.mingw_x86_64_ucrt-cpython-311/src/pyrelation
      creating build/temp.mingw_x86_64_ucrt-cpython-311/src/typing
      gcc -DNDEBUG -g -fwrapv -O3 -Wall -march=nocona -msahf -mtune=generic -O2 -pipe -Wp,-D_FORTIFY_SOURCE=2 -fstack-protector-strong -O3 -march=nocona -msahf -mtune=generic -O2 -pipe -Wp,-D_FORTIFY_SOURCE=2 -fstack-protector-strong -O3 -DDUCKDB_PYTHON_LIB_NAME=duckdb -DDUCKDB_BUILD_LIBRARY -DWIN32 -DDUCKDB_EXTENSION_PARQUET_LINKED -DDUCKDB_EXTENSION_ICU_LINKED -DDUCKDB_EXTENSION_FTS_LINKED -DDUCKDB_EXTENSION_TPCH_LINKED -DDUCKDB_EXTENSION_JSON_LINKED -DDUCKDB_EXTENSION_AUTOLOAD_DEFAULT=1 -DDUCKDB_EXTENSION_AUTOINSTALL_DEFAULT=1 -Iduckdb_build/src/include -Iduckdb_build/third_party/concurrentqueue -Iduckdb_build/third_party/fast_float -Iduckdb_build/third_party/fastpforlib -Iduckdb_build/third_party/fmt/include -Iduckdb_build/third_party/fsst -Iduckdb_build/third_party/httplib -Iduckdb_build/third_party/hyperloglog -Iduckdb_build/third_party/jaro_winkler -Iduckdb_build/third_party/jaro_winkler/details -Iduckdb_build/third_party/libpg_query -Iduckdb_build/third_party/libpg_query/include -Iduckdb_build/third_party/lz4 -Iduckdb_build/third_party/mbedtls -Iduckdb_build/third_party/mbedtls/include -Iduckdb_build/third_party/mbedtls/library -Iduckdb_build/third_party/miniz -Iduckdb_build/third_party/pcg -Iduckdb_build/third_party/re2 -Iduckdb_build/third_party/skiplist -Iduckdb_build/third_party/tdigest -Iduckdb_build/third_party/utf8proc -Iduckdb_build/third_party/utf8proc/include -Iduckdb_build/third_party/yyjson/include -Iduckdb_build/extension/parquet/include -Iduckdb_build/third_party/parquet -Iduckdb_build/third_party/thrift -Iduckdb_build/third_party/lz4 -Iduckdb_build/third_party/snappy -Iduckdb_build/third_party/zstd/include -Iduckdb_build/third_party/mbedtls -Iduckdb_build/third_party/mbedtls/include -Iduckdb_build/extension/icu/include -Iduckdb_build/extension/icu/third_party/icu/common -Iduckdb_build/extension/icu/third_party/icu/i18n -Iduckdb_build/extension/fts/include -Iduckdb_build/third_party/snowball/libstemmer -Iduckdb_build/third_party/snowball/runtime -Iduckdb_build/third_party/snowball/src_c -Iduckdb_build/extension/tpch/include -Iduckdb_build/extension/tpch/dbgen/include -Iduckdb_build/extension/tpcds/include -Iduckdb_build/extension/tpcds/dsdgen/include -Iduckdb_build/extension/tpcds/dsdgen/include/dsdgen-c -Iduckdb_build/extension/json/include -Iduckdb_build -IC:/Users/abcfy/AppData/Local/Temp/pip-install-1zjqc8fc/duckdb_bfb9c01228734df68bc8ff64c617ffca/src/include -IC:/Users/abcfy/AppData/Local/Temp/pip-build-env-cpc3kx06/overlay/lib/python3.11/site-packages/pybind11/include -IC:/Users/abcfy/AppData/Local/Temp/pip-build-env-cpc3kx06/overlay/lib/python3.11/site-packages/pybind11/include -ID:/msys64/ucrt64/include/python3.11 -c duckdb_build/extension/fts/fts_extension.cpp -o build/temp.mingw_x86_64_ucrt-cpython-311/duckdb_build/extension/fts/fts_extension.o /wd4244 /wd4267 /wd4200 /wd26451 /wd26495 /D_CRT_SECURE_NO_WARNINGS /utf-8
      gcc.EXE: warning: /wd4244: linker input file unused because linking not done
      gcc.EXE: error: /wd4244: linker input file not found: No such file or directory
      gcc.EXE: warning: /wd4267: linker input file unused because linking not done
      gcc.EXE: error: /wd4267: linker input file not found: No such file or directory
      gcc.EXE: warning: /wd4200: linker input file unused because linking not done
      gcc.EXE: error: /wd4200: linker input file not found: No such file or directory
      gcc.EXE: warning: /wd26451: linker input file unused because linking not done
      gcc.EXE: error: /wd26451: linker input file not found: No such file or directory
      gcc.EXE: warning: /wd26495: linker input file unused because linking not done
      gcc.EXE: error: /wd26495: linker input file not found: No such file or directory
      gcc.EXE: warning: /D_CRT_SECURE_NO_WARNINGS: linker input file unused because linking not done
      gcc.EXE: error: /D_CRT_SECURE_NO_WARNINGS: linker input file not found: No such file or directory
      gcc.EXE: warning: /utf-8: linker input file unused because linking not done
      gcc.EXE: error: /utf-8: linker input file not found: No such file or directory
      error: command 'D:\\msys64\\ucrt64\\bin/gcc.EXE' failed with exit code 1
      [end of output]

  note: This error originates from a subprocess, and is likely not a problem with pip.
  ERROR: Failed building wheel for duckdb
Failed to build duckdb
ERROR: ERROR: Failed to build installable wheels for some pyproject.toml based projects (duckdb)
```

### To Reproduce

See above

### OS:

Windows 11

### DuckDB Version:

1.0.0

### DuckDB Client:

Python

### Full Name:

Feng Yu

### Affiliation:

DTeam

### What is the latest build you tested with? If possible, we recommend testing with the latest nightly build.

I have tested with a stable release

### Did you include all relevant data sets for reproducing the issue?

Yes

### Did you include all code required to reproduce the issue?

- [X] Yes, I have

### Did you include all relevant configuration (e.g., CPU architecture, Python version, Linux distribution) to reproduce the issue?

- [X] Yes, I have