ID: 13971
Title: fatal error: 'inet_extension.hpp' file not found
Description:
### What happens?

The build fails to find the file "inet_extension.hpp":
```
In file included from /usr/ports/databases/duckdb/work/.build/src/main/extension/ub_duckdb_main_extension.cpp:3:
In file included from /usr/ports/databases/duckdb/work/duckdb-1.1.0/src/main/extension/extension_helper.cpp:57:
In file included from /usr/ports/databases/duckdb/work/duckdb-1.1.0/src/include/duckdb/main/extension/generated_extension_loader.hpp:17:
/usr/ports/databases/duckdb/work/.build/codegen/include/generated_extension_headers.hpp:8:10: fatal error: 'inet_extension.hpp' file not found
    8 | #include "inet_extension.hpp"
      |          ^~~~~~~~~~~~~~~~~~~~
1 error generated.
```

This file is present:
```
$ find . -name "inet_extension.hpp"
./work/duckdb-1.1.0/extension/inet/src/include/inet_extension.hpp
```

Same happens for other extensions:
```
In file included from /usr/ports/databases/duckdb/work/.build/src/main/extension/ub_duckdb_main_extension.cpp:3:
In file included from /usr/ports/databases/duckdb/work/duckdb-1.1.0/src/main/extension/extension_helper.cpp:57:
In file included from /usr/ports/databases/duckdb/work/duckdb-1.1.0/src/include/duckdb/main/extension/generated_extension_loader.hpp:17:
/usr/ports/databases/duckdb/work/.build/codegen/include/generated_extension_headers.hpp:12:10: fatal error: 'sqlsmith_extension.hpp' file not found
   12 | #include "sqlsmith_extension.hpp"
      |          ^~~~~~~~~~~~~~~~~~~~~~~~
1 error generated.
```

Version: 1.1.0
clang-18
FreeBSD 14.1


### To Reproduce

regular configure/build

cmake arguments:
`-DOVERRIDE_GIT_DESCRIBE=v1.1.0-0-g0000000000 -DBUILD_EXTENSIONS="autocomplete;fts;httpfs;icu;inet;jemalloc;json;parquet;sqlsmith;tpcds;tpch;sqlite_scanner"  -DDUCKDB_MAJOR_VERSION=1  -DDUCKDB_MINOR_VERSION=1  -DDUCKDB_PATCH_VERSION=0 -DBUILD_TPCE:BOOL=true -DCMAKE_C_COMPILER:STRING="cc"  -DCMAKE_CXX_COMPILER:STRING="c++"  -DCMAKE_C_FLAGS:STRING="-O2 -pipe  -fstack-protector-strong -fno-strict-aliasing "  -DCMAKE_C_FLAGS_DEBUG:STRING="-O2 -pipe  -fstack-protector-strong -fno-strict-aliasing "  -DCMAKE_C_FLAGS_RELEASE:STRING="-O2 -pipe  -fstack-protector-strong -fno-strict-aliasing  -DNDEBUG"  -DCMAKE_CXX_FLAGS:STRING="-O2 -pipe -fstack-protector-strong -fno-strict-aliasing  -I/usr/ports/databases/duckdb/work/duckdb-1.1.0/extension/sqlite_scanner/src/include "  -DCMAKE_CXX_FLAGS_DEBUG:STRING="-O2 -pipe -fstack-protector-strong -fno-strict-aliasing  -I/usr/ports/databases/duckdb/work/duckdb-1.1.0/extension/sqlite_scanner/src/include "  -DCMAKE_CXX_FLAGS_RELEASE:STRING="-O2 -pipe -fstack-protector-strong -fno-strict-aliasing  -I/usr/ports/databases/duckdb/work/duckdb-1.1.0/extension/sqlite_scanner/src/include  -DNDEBUG"  -DCMAKE_EXE_LINKER_FLAGS:STRING="  -fstack-protector-strong "  -DCMAKE_MODULE_LINKER_FLAGS:STRING="  -fstack-protector-strong "  -DCMAKE_SHARED_LINKER_FLAGS:STRING="  -fstack-protector-strong "  -DCMAKE_INSTALL_PREFIX:PATH="/usr/local"  -DCMAKE_AUTOGEN_PARALLEL:STRING="7"  -DCMAKE_BUILD_TYPE:STRING="Release"  -DTHREADS_HAVE_PTHREAD_ARG:BOOL=YES  -DCMAKE_INSTALL_RPATH_USE_LINK_PATH=YES  -DCMAKE_VERBOSE_MAKEFILE:BOOL=ON  -DFETCHCONTENT_FULLY_DISCONNECTED:BOOL=ON -DBUILD_SHARED_LIBS:BOOL=ON -DBUILD_UNITTESTS:BOOL=OFF -GNinja`

ninja is used as a backend.

### OS:

FreeBSD 14.1

### DuckDB Version:

1.1.0

### DuckDB Client:

n/a

### Hardware:

_No response_

### Full Name:

Yuri Victorovich

### Affiliation:

n/a

### What is the latest build you tested with? If possible, we recommend testing with the latest nightly build.

I have not tested with any build

### Did you include all relevant data sets for reproducing the issue?

Yes

### Did you include all code required to reproduce the issue?

- [X] Yes, I have

### Did you include all relevant configuration (e.g., CPU architecture, Python version, Linux distribution) to reproduce the issue?

- [X] Yes, I have