ID: 14668
Title: Errors with ZSTD when trying to install python package on feature branch
Description:
### What happens?

I am having an issue installing the python package on `feature` branch. The steps to reproduce works fine on `main`.

```bash
# in duckdb/tools/pythonpkg
python3 -m pip install .
```

Errors:
```
      clang++ -fno-strict-overflow -Wsign-compare -Wunreachable-code -DNDEBUG -g -O3 -Wall -DDUCKDB_PYTHON_LIB_NAME=duckdb -DDUCKDB_EXTENSION_CORE_FUNCTIONS_LINKED -DDUCKDB_EXTENSION_PARQUET_LINKED -DDUCKDB_EXTENSION_ICU_LINKED -DDUCKDB_EXTENSION_TPCH_LINKED -DDUCKDB_EXTENSION_JSON_LINKED -DDUCKDB_EXTENSION_AUTOLOAD_DEFAULT=1 -DDUCKDB_EXTENSION_AUTOINSTALL_DEFAULT=1 -Iduckdb_build/src/include -Iduckdb_build/third_party/concurrentqueue -Iduckdb_build/third_party/fast_float -Iduckdb_build/third_party/fastpforlib -Iduckdb_build/third_party/fmt/include -Iduckdb_build/third_party/fsst -Iduckdb_build/third_party/httplib -Iduckdb_build/third_party/hyperloglog -Iduckdb_build/third_party/jaro_winkler -Iduckdb_build/third_party/jaro_winkler/details -Iduckdb_build/third_party/libpg_query -Iduckdb_build/third_party/libpg_query/include -Iduckdb_build/third_party/lz4 -Iduckdb_build/third_party/brotli/include -Iduckdb_build/third_party/brotli/common -Iduckdb_build/third_party/brotli/dec -Iduckdb_build/third_party/brotli/enc -Iduckdb_build/third_party/mbedtls -Iduckdb_build/third_party/mbedtls/include -Iduckdb_build/third_party/mbedtls/library -Iduckdb_build/third_party/miniz -Iduckdb_build/third_party/pcg -Iduckdb_build/third_party/re2 -Iduckdb_build/third_party/skiplist -Iduckdb_build/third_party/tdigest -Iduckdb_build/third_party/utf8proc -Iduckdb_build/third_party/utf8proc/include -Iduckdb_build/third_party/yyjson/include -Iduckdb_build/third_party/zstd/include -Iduckdb_build/extension/core_functions/include -Iduckdb_build/extension/parquet/include -Iduckdb_build/third_party/parquet -Iduckdb_build/third_party/thrift -Iduckdb_build/third_party/lz4 -Iduckdb_build/third_party/brotli/include -Iduckdb_build/third_party/brotli/common -Iduckdb_build/third_party/brotli/dec -Iduckdb_build/third_party/brotli/enc -Iduckdb_build/third_party/snappy -Iduckdb_build/third_party/mbedtls -Iduckdb_build/third_party/mbedtls/include -Iduckdb_build/third_party/zstd/include -Iduckdb_build/extension/icu/include -Iduckdb_build/extension/icu/third_party/icu/common -Iduckdb_build/extension/icu/third_party/icu/i18n -Iduckdb_build/extension/tpch/include -Iduckdb_build/extension/tpch/dbgen/include -Iduckdb_build/extension/json/include -Iduckdb_build -I/Users/scott/Code/spenrose/duckdb/tools/pythonpkg/src/include -I/private/var/folders/h4/nyzwwgxd7kd_bwjxqlv75h280000gn/T/pip-build-env-m3v8a11h/overlay/lib/python3.12/site-packages/pybind11/include -I/private/var/folders/h4/nyzwwgxd7kd_bwjxqlv75h280000gn/T/pip-build-env-m3v8a11h/overlay/lib/python3.12/site-packages/pybind11/include -I/Users/scott/Code/spenrose/duckdb/tools/pythonpkg/.venv/include -I/Users/scott/.asdf/installs/python/3.12.5/include/python3.12 -c duckdb_build/third_party/zstd/common/pool.cpp -o build/temp.macosx-14.6-arm64-cpython-312/duckdb_build/third_party/zstd/common/pool.o -std=c++11 -g0 -stdlib=libc++ -mmacosx-version-min=10.7
      duckdb_build/third_party/zstd/common/error_private.cpp:34:10: error: use of undeclared identifier 'ZSTD_error_literals_headerWrong'
         34 |     case PREFIX(literals_headerWrong): return "Header of Literals' block doesn't respect format specification";
            |          ^
      duckdb_build/third_party/zstd/include/zstd/common/error_private.h:43:22: note: expanded from macro 'PREFIX'
         43 | #define PREFIX(name) ZSTD_error_##name
            |                      ^
      <scratch space>:453:1: note: expanded from here
        453 | ZSTD_error_literals_headerWrong
            | ^
      duckdb_build/third_party/zstd/common/error_private.cpp:36:10: error: use of undeclared identifier 'ZSTD_error_parameter_combination_unsupported'; did you mean 'ZSTD_error_parameter_unsupported'?
         36 |     case PREFIX(parameter_combination_unsupported): return "Unsupported combination of parameters";
            |          ^~~~~~~~~~~~~~~~~~~~~~~~~~~~~~~~~~~~~~~~~
            |          ZSTD_error_parameter_unsupported
      duckdb_build/third_party/zstd/include/zstd/common/error_private.h:43:22: note: expanded from macro 'PREFIX'
         43 | #define PREFIX(name) ZSTD_error_##name
            |                      ^
      <scratch space>:455:1: note: expanded from here
        455 | ZSTD_error_parameter_combination_unsupported
            | ^
      duckdb_build/third_party/zstd/include/zstd/common/zstd_errors.h:60:3: note: 'ZSTD_error_parameter_unsupported' declared here
         60 |   ZSTD_error_parameter_unsupported   = 40,
            |   ^
      duckdb_build/third_party/zstd/common/error_private.cpp:45:10: error: use of undeclared identifier 'ZSTD_error_stabilityCondition_notRespected'
         45 |     case PREFIX(stabilityCondition_notRespected): return "pledged buffer stability condition is not respected";
            |          ^
      duckdb_build/third_party/zstd/include/zstd/common/error_private.h:43:22: note: expanded from macro 'PREFIX'
         43 | #define PREFIX(name) ZSTD_error_##name
            |                      ^
      <scratch space>:464:1: note: expanded from here
        464 | ZSTD_error_stabilityCondition_notRespected
            | ^
      duckdb_build/third_party/zstd/common/error_private.cpp:52:10: error: use of undeclared identifier 'ZSTD_error_noForwardProgress_destFull'
         52 |     case PREFIX(noForwardProgress_destFull): return "Operation made no progress over multiple calls, due to output buffer being full";
            |          ^
      duckdb_build/third_party/zstd/include/zstd/common/error_private.h:43:22: note: expanded from macro 'PREFIX'
         43 | #define PREFIX(name) ZSTD_error_##name
            |                      ^



<TRUNCATED>


      duckdb_build/third_party/zstd/include/zstd/common/error_private.h:43:22: note: expanded from macro 'PREFIX'
         43 | #define PREFIX(name) ZSTD_error_##name
            |                      ^
      <scratch space>:475:1: note: expanded from here
        475 | ZSTD_error_dstBuffer_wrong
            | ^
      10 errors generated.
      clang++ -fno-strict-overflow -Wsign-compare -Wunreachable-code -DNDEBUG -g -O3 -Wall -DDUCKDB_PYTHON_LIB_NAME=duckdb -DDUCKDB_EXTENSION_CORE_FUNCTIONS_LINKED -DDUCKDB_EXTENSION_PARQUET_LINKED -DDUCKDB_EXTENSION_ICU_LINKED -DDUCKDB_EXTENSION_TPCH_LINKED -DDUCKDB_EXTENSION_JSON_LINKED -DDUCKDB_EXTENSION_AUTOLOAD_DEFAULT=1 -DDUCKDB_EXTENSION_AUTOINSTALL_DEFAULT=1 -Iduckdb_build/src/include -Iduckdb_build/third_party/concurrentqueue -Iduckdb_build/third_party/fast_float -Iduckdb_build/third_party/fastpforlib -Iduckdb_build/third_party/fmt/include -Iduckdb_build/third_party/fsst -Iduckdb_build/third_party/httplib -Iduckdb_build/third_party/hyperloglog -Iduckdb_build/third_party/jaro_winkler -Iduckdb_build/third_party/jaro_winkler/details -Iduckdb_build/third_party/libpg_query -Iduckdb_build/third_party/libpg_query/include -Iduckdb_build/third_party/lz4 -Iduckdb_build/third_party/brotli/include -Iduckdb_build/third_party/brotli/common -Iduckdb_build/third_party/brotli/dec -Iduckdb_build/third_party/brotli/enc -Iduckdb_build/third_party/mbedtls -Iduckdb_build/third_party/mbedtls/include -Iduckdb_build/third_party/mbedtls/library -Iduckdb_build/third_party/miniz -Iduckdb_build/third_party/pcg -Iduckdb_build/third_party/re2 -Iduckdb_build/third_party/skiplist -Iduckdb_build/third_party/tdigest -Iduckdb_build/third_party/utf8proc -Iduckdb_build/third_party/utf8proc/include -Iduckdb_build/third_party/yyjson/include -Iduckdb_build/third_party/zstd/include -Iduckdb_build/extension/core_functions/include -Iduckdb_build/extension/parquet/include -Iduckdb_build/third_party/parquet -Iduckdb_build/third_party/thrift -Iduckdb_build/third_party/lz4 -Iduckdb_build/third_party/brotli/include -Iduckdb_build/third_party/brotli/common -Iduckdb_build/third_party/brotli/dec -Iduckdb_build/third_party/brotli/enc -Iduckdb_build/third_party/snappy -Iduckdb_build/third_party/mbedtls -Iduckdb_build/third_party/mbedtls/include -Iduckdb_build/third_party/zstd/include -Iduckdb_build/extension/icu/include -Iduckdb_build/extension/icu/third_party/icu/common -Iduckdb_build/extension/icu/third_party/icu/i18n -Iduckdb_build/extension/tpch/include -Iduckdb_build/extension/tpch/dbgen/include -Iduckdb_build/extension/json/include -Iduckdb_build -I/Users/scott/Code/spenrose/duckdb/tools/pythonpkg/src/include -I/private/var/folders/h4/nyzwwgxd7kd_bwjxqlv75h280000gn/T/pip-build-env-m3v8a11h/overlay/lib/python3.12/site-packages/pybind11/include -I/private/var/folders/h4/nyzwwgxd7kd_bwjxqlv75h280000gn/T/pip-build-env-m3v8a11h/overlay/lib/python3.12/site-packages/pybind11/include -I/Users/scott/Code/spenrose/duckdb/tools/pythonpkg/.venv/include -I/Users/scott/.asdf/installs/python/3.12.5/include/python3.12 -c duckdb_build/third_party/zstd/compress/hist.cpp -o build/temp.macosx-14.6-arm64-cpython-312/duckdb_build/third_party/zstd/compress/hist.o -std=c++11 -g0 -stdlib=libc++ -mmacosx-version-min=10.7
      error: command '/usr/bin/clang++' failed with exit code 1
      [end of output]

  note: This error originates from a subprocess, and is likely not a problem with pip.
  ERROR: Failed building wheel for duckdb
Failed to build duckdb
ERROR: ERROR: Failed to build installable wheels for some pyproject.toml based projects (duckdb)

```

### To Reproduce

```
git checkout feature

cd duckdb/tools/pythonpkg

virtualenv .venv --python=python3.12
source .venv/bin/activate

python3 -m pip install .
```

### OS:

macOS 15.0.1 arm64

### DuckDB Version:

Head of feature branch

### DuckDB Client:

Head of feature branch

### Hardware:

_No response_

### Full Name:

Scott Penrose

### Affiliation:

Rokt

### What is the latest build you tested with? If possible, we recommend testing with the latest nightly build.

I have tested with a source build

### Did you include all relevant data sets for reproducing the issue?

Yes

### Did you include all code required to reproduce the issue?

- [ ] Yes, I have

### Did you include all relevant configuration (e.g., CPU architecture, Python version, Linux distribution) to reproduce the issue?

- [ ] Yes, I have