ID: 14665
Title: Build failed with 'string' file not found macOS Sequoia 15.1
Description:
### What happens?

Build fails. Relevant excerpt:

```
$ GEN=ninja make
mkdir -p ./build/release && \
	cd build/release && \
	cmake -G "Ninja" -DFORCE_COLORED_OUTPUT=1        -DENABLE_EXTENSION_AUTOLOADING= -DENABLE_EXTENSION_AUTOINSTALL= -DLOCAL_EXTENSION_REPO=""  -DOVERRIDE_GIT_DESCRIBE=""  -DCMAKE_BUILD_TYPE=Release ../.. && \
	cmake --build . --config Release
-- Found Python3: /opt/homebrew/Frameworks/Python.framework/Versions/3.13/bin/python3.13 (found version "3.13.0") found components: Interpreter
-- The C compiler identification is AppleClang 16.0.0.16000026
-- The CXX compiler identification is AppleClang 16.0.0.16000026
-- Detecting C compiler ABI info
-- Detecting C compiler ABI info - done
-- Check for working C compiler: /Library/Developer/CommandLineTools/usr/bin/cc - skipped
-- Detecting C compile features
-- Detecting C compile features - done
-- Detecting CXX compiler ABI info
-- Detecting CXX compiler ABI info - done
-- Check for working CXX compiler: /Library/Developer/CommandLineTools/usr/bin/c++ - skipped
-- Detecting CXX compile features
-- Detecting CXX compile features - done
-- Performing Test CMAKE_HAVE_LIBC_PTHREAD
-- Performing Test CMAKE_HAVE_LIBC_PTHREAD - Success
-- Found Threads: TRUE
CMake Warning at CMakeLists.txt:181 (message):
  Not disabling vptr sanitizer on M1 Macbook - set DISABLE_VPTR_SANITIZER
  manually if you run into issues with false positives in the sanitizer


-- Found Git: /usr/bin/git (found version "2.39.5 (Apple Git-154)")
-- git hash 9cba6a2a03, version v1.1.3-dev156, extension folder 9cba6a2a03
-- Extensions will be deployed to: /Users/builder/external/duckdb/build/release/repository
-- Load extension 'parquet' from '/Users/builder/external/duckdb/extensions' @ 9cba6a2a03
-- Extensions linked into DuckDB: [parquet]
-- Configuring done (4.3s)
-- Generating done (0.5s)
-- Build files have been written to: /Users/builder/external/duckdb/build/release
[1/467] Building CXX object third_party/libpg_query/CMakeFiles/duckdb_pg_query.dir/src_backend_nodes_list.cpp.o
FAILED: third_party/libpg_query/CMakeFiles/duckdb_pg_query.dir/src_backend_nodes_list.cpp.o 
/Library/Developer/CommandLineTools/usr/bin/c++ -DDUCKDB_BUILD_LIBRARY -DEXT_VERSION_PARQUET=\"9cba6a2a03\" -I/Users/builder/external/duckdb/src/include -I/Users/builder/external/duckdb/third_party/fsst -I/Users/builder/external/duckdb/third_party/fmt/include -I/Users/builder/external/duckdb/third_party/hyperloglog -I/Users/builder/external/duckdb/third_party/fastpforlib -I/Users/builder/external/duckdb/third_party/skiplist -I/Users/builder/external/duckdb/third_party/fast_float -I/Users/builder/external/duckdb/third_party/re2 -I/Users/builder/external/duckdb/third_party/miniz -I/Users/builder/external/duckdb/third_party/utf8proc/include -I/Users/builder/external/duckdb/third_party/concurrentqueue -I/Users/builder/external/duckdb/third_party/pcg -I/Users/builder/external/duckdb/third_party/tdigest -I/Users/builder/external/duckdb/third_party/mbedtls/include -I/Users/builder/external/duckdb/third_party/jaro_winkler -I/Users/builder/external/duckdb/third_party/yyjson/include -I/Users/builder/external/duckdb/third_party/libpg_query/include -O3 -DNDEBUG -O3 -DNDEBUG   -std=c++11 -arch arm64 -isysroot /Library/Developer/CommandLineTools/SDKs/MacOSX15.1.sdk -fPIC -fvisibility=hidden -fcolor-diagnostics -w -MD -MT third_party/libpg_query/CMakeFiles/duckdb_pg_query.dir/src_backend_nodes_list.cpp.o -MF third_party/libpg_query/CMakeFiles/duckdb_pg_query.dir/src_backend_nodes_list.cpp.o.d -o third_party/libpg_query/CMakeFiles/duckdb_pg_query.dir/src_backend_nodes_list.cpp.o -c /Users/builder/external/duckdb/third_party/libpg_query/src_backend_nodes_list.cpp
In file included from /Users/builder/external/duckdb/third_party/libpg_query/src_backend_nodes_list.cpp:35:
/Users/builder/external/duckdb/third_party/libpg_query/include/pg_functions.hpp:4:10: fatal error: 'string' file not found
    4 | #include <string>
```

### To Reproduce

Follow build instructions here for macOS (https://duckdb.org/docs/archive/1.0/dev/building/build_instructions)


```
$ brew install cmake ninja
$ GEN=ninja make
```


### OS:

macOS Sequoia 15.1

### DuckDB Version:

main

### DuckDB Client:

N/A

### Hardware:

Apple M1

### Full Name:

Alejandro Wainzinger

### Affiliation:

N/A

### What is the latest build you tested with? If possible, we recommend testing with the latest nightly build.

I have tested with a source build

### Did you include all relevant data sets for reproducing the issue?

Not applicable - the reproduction does not require a data set

### Did you include all code required to reproduce the issue?

- [X] Yes, I have

### Did you include all relevant configuration (e.g., CPU architecture, Python version, Linux distribution) to reproduce the issue?

- [X] Yes, I have