ID: 11243
Title: memory leak unit test is not stable
Description:
## Bug Report

Please answer these questions before submitting your issue. Thanks!

1. What did you do?
If possible, provide a recipe for reproducing the error.
See the pull request: https://github.com/pingcap/tidb/pull/11241

2. What did you expect to see?
There should be no memory leak detected


3. What did you see instead?
From the log:
[2019-07-13T13:27:12.667Z] # Mem_max: 12368

[2019-07-13T13:27:12.667Z] "select HIGH_PRIORITY"(len:1414);

[2019-07-13T13:27:12.667Z] SKIP: memory_test.go:43: testMemoryLeak.TestPBMemoryLeak (too slow)

[2019-07-13T13:27:12.667Z] OOPS: 427 passed, 6 skipped, 1 FAILED

[2019-07-13T13:27:12.667Z] --- FAIL: TestT (53.74s)


I attached a complete log file.

[memleak unit test failed.txt](https://github.com/pingcap/tidb/files/3389407/memleak.unit.test.failed.txt)

