ID: 18147
Title: check_dev_2 failed in TestFailBusyServerKV
Description:
## Bug Report

Please answer these questions before submitting your issue. Thanks!

### 1. Minimal reproduce step (Required)

Run check_dev_2 in CI.

### 2. What did you expect to see? (Required)

Pass.

### 3. What did you see instead (Required)

```
[2020-06-19T14:31:58.523Z] time="2020-06-19T22:31:55+08:00" level=warning msg="# Txn_start_ts: 417484534850519060\n# Query_time: 1.5677317849999999\n# Parse_time: 0.00029215\n# Compile_time: 0.000034744\n# Rewrite_time: 0\n# Optimize_time: 0\n# Wait_TS: 0.000012911\n# Is_internal: false\n# Digest: 291b2f1a08b9fcc1fab98eef0ea989da4df2d89c76220d9a50390f0e0aac373c\n# Num_cop_tasks: 0\n# Prepared: false\n# Plan_from_cache: false\n# Has_more_results: false\n# KV_total: 0\n# PD_total: 0\n# Backoff_total: 0\n# Write_sql_response_total: 0\n# Succ: true\n# Plan: tidb_decode_plan('NMwwCTM2XzEJMAkxCXRhYmxlOnRpZGIsIGluZGV4OlBSSU1BUlkoVkFSSUFCTEVfTkFNRSkK')\n# Plan_digest: db91e0e7a92b7694758d36598db932c8d0af02aee36a9a6a6f93fd8cd7307d24\nSELECT variable_value FROM mysql.tidb WHERE variable_name=\"bootstrapped\";"

[2020-06-19T14:31:58.524Z] PASS: sql_fail_test.go:70: testSQLSerialSuite.TestFailBusyServerCop	1.568s

[2020-06-19T14:31:58.524Z] time="2020-06-19T22:31:55+08:00" level=warning msg="# Txn_start_ts: 417484534850519062\n# Query_time: 1.8017064\n# Parse_time: 0.000035176\n# Compile_time: 0.000156871\n# Rewrite_time: 0.000055206\n# Optimize_time: 0.000056588\n# Wait_TS: 0.00002702\n# Cop_time: 1.801424109 Backoff_time: 1.8010000000000002 Request_count: 1\n# Is_internal: true\n# Digest: 8bd1773e45577f4eddbbd75991505f2891c05044ee51fc1418f71f2567f22ce8\n# Stats: stats_meta:pseudo\n# Num_cop_tasks: 1\n# Cop_proc_avg: 0 Cop_proc_addr: store1\n# Cop_wait_avg: 0 Cop_wait_addr: store1\n# Cop_backoff_serverBusy_total_times: 1 Cop_backoff_serverBusy_total_time: 1.8010000000000002\n# Mem_max: 127\n# Prepared: false\n# Plan_from_cache: false\n# Has_more_results: false\n# KV_total: 0\n# PD_total: 0\n# Backoff_total: 0\n# Write_sql_response_total: 0\n# Succ: true\n# Plan: tidb_decode_plan('ZLAwCTMxXzUJMAkxMDAwMAlkYXRhOlRhYmxlRnVsbFNjYW5fNAoxCTEwXzQJMQkJJAB0AR+sOnN0YXRzX21ldGEsIGtlZXAgb3JkZXI6ZmFsc2UsIHN0YXRzOnBzZXVkbwo=')\n# Plan_digest: 8d4a5ac9a6194b4eb5630c8e4aa60ae34a7758382dc91bcd296bd3864da27f2e\nselect HIGH_PRIORITY version, table_id, modify_count, count from mysql.stats_meta;"

[2020-06-19T14:31:58.524Z] OOPS: 135 passed, 1 FAILED

[2020-06-19T14:31:58.524Z] --- FAIL: TestT (51.01s)

[2020-06-19T14:31:58.524Z] FAIL

[2020-06-19T14:31:58.524Z] coverage: 69.9% of statements

[2020-06-19T14:31:58.524Z] FAIL	github.com/pingcap/tidb/store/tikv	51.182s
```

### 4. Affected version (Required)

https://internal.pingcap.net/idc-jenkins/blue/organizations/jenkins/tidb_ghpr_check_2/detail/tidb_ghpr_check_2/39733/pipeline

Seen at #16819

### 5. Root Cause Analysis

<!-- should be filled by the investigator before it's closed -->
