ID: 28049
Title: Unstable test `session_test.go:5663: testTiDBAsLibrary.TestMemoryLeak`
Description:
## Bug Report

Please answer these questions before submitting your issue. Thanks!
```
[2021-09-14T21:36:47.777Z] ----------------------------------------------------------------------
[2021-09-14T21:36:47.777Z] FAIL: session_test.go:5663: testTiDBAsLibrary.TestMemoryLeak
[2021-09-14T21:36:47.777Z] 
[2021-09-14T21:36:47.777Z] session_test.go:5686:
[2021-09-14T21:36:47.777Z]     c.Assert(memStat.HeapInuse-oldHeapInUse, Less, uint64(150*units.MiB))
[2021-09-14T21:36:47.777Z] ... compare_one uint64 = 0xae3a000
[2021-09-14T21:36:47.777Z] ... compare_two uint64 = 0x9600000
[2021-09-14T21:36:47.777Z] 
[2021-09-14T21:36:47.777Z] OOPS: 263 passed, 3 skipped, 1 FAILED
[2021-09-14T21:36:47.777Z] --- FAIL: TestT (191.48s)
[2021-09-14T21:36:47.777Z] FAIL
[2021-09-14T21:36:48.344Z] FAIL	github.com/pingcap/tidb/session	192.379s
[2021-09-14T21:36:48.344Z] FAIL
```

### 1. Minimal reproduce step (Required)
in ci https://ci.pingcap.net/blue/rest/organizations/jenkins/pipelines/tidb-unit-test-nightly/runs/10732/nodes/113/steps/853/log/?start=0

<!-- a step by step guide for reproducing the bug. -->

### 2. What did you expect to see? (Required)

### 3. What did you see instead (Required)

### 4. What is your TiDB version? (Required)
master

<!-- Paste the output of SELECT tidb_version() -->

