ID: 30030
Title: CI unstable test in `tidb/executor`
Description:
## Bug Report

Please answer these questions before submitting your issue. Thanks!

### 1. Minimal reproduce step (Required)
some executor case failed in ci https://ci.pingcap.net/blue/organizations/jenkins/tidb_ghpr_coverage/detail/tidb_ghpr_coverage/1291/pipeline

```bash
[2021-11-22T15:36:10.639Z] [2021/11/22 23:35:49.943 +08:00] [INFO] [db.go:625] ["Waiting for closer"]

[2021-11-22T15:36:10.639Z] --- FAIL: TestIssue23277 (0.54s)

[2021-11-22T15:36:10.639Z]     testkit.go:116: 

[2021-11-22T15:36:10.639Z]         	Error Trace:	testkit.go:116

[2021-11-22T15:36:10.639Z]         	            				testkit.go:110

[2021-11-22T15:36:10.639Z]         	            				testkit.go:93

[2021-11-22T15:36:10.639Z]         	            				aggregate_test.go:1544

[2021-11-22T15:36:10.639Z]         	Error:      	Received unexpected error:

[2021-11-22T15:36:10.639Z]         	            	failpoint panic: ERROR 1105 (HY000): Out Of Memory Quota![conn_id=1]

[2021-11-22T15:36:10.639Z]         	            	github.com/pingcap/tidb/executor.recoveryHashAgg

[2021-11-22T15:36:10.639Z]         	            		/home/jenkins/agent/workspace/tidb_ghpr_coverage/go/src/github.com/pingcap/tidb/executor/aggregate.go:459

[2021-11-22T15:36:10.639Z]         	            	github.com/pingcap/tidb/executor.(*HashAggFinalWorker).run.func1

[2021-11-22T15:36:10.639Z]         	            		/home/jenkins/agent/workspace/tidb_ghpr_coverage/go/src/github.com/pingcap/tidb/executor/aggregate.go:749

[2021-11-22T15:36:10.639Z]         	            	runtime.gopanic

[2021-11-22T15:36:10.639Z]         	            		/usr/local/go/src/runtime/panic.go:965

[2021-11-22T15:36:10.639Z]         	            	github.com/pingcap/failpoint.actPanic

[2021-11-22T15:36:10.639Z]         	            		/nfs/cache/mod/github.com/pingcap/failpoint@v0.0.0-20210316064728-7acb0f0a3dfd/terms.go:343

[2021-11-22T15:36:10.639Z]         	            	github.com/pingcap/failpoint.(*term).do

[2021-11-22T15:36:10.639Z]         	            		/nfs/cache/mod/github.com/pingcap/failpoint@v0.0.0-20210316064728-7acb0f0a3dfd/terms.go:310

[2021-11-22T15:36:10.639Z]         	            	github.com/pingcap/failpoint.(*terms).eval

[2021-11-22T15:36:10.639Z]         	            		/nfs/cache/mod/github.com/pingcap/failpoint@v0.0.0-20210316064728-7acb0f0a3dfd/terms.go:115

[2021-11-22T15:36:10.639Z]         	            	github.com/pingcap/failpoint.(*Failpoint).Eval

[2021-11-22T15:36:10.639Z]         	            		/nfs/cache/mod/github.com/pingcap/failpoint@v0.0.0-20210316064728-7acb0f0a3dfd/failpoint.go:109

[2021-11-22T15:36:10.639Z]         	            	github.com/pingcap/failpoint.(*Failpoints).Eval

[2021-11-22T15:36:10.639Z]         	            		/nfs/cache/mod/github.com/pingcap/failpoint@v0.0.0-20210316064728-7acb0f0a3dfd/failpoints.go:212

[2021-11-22T15:36:10.639Z]         	            	github.com/pingcap/failpoint.Eval

[2021-11-22T15:36:10.639Z]         	            		/nfs/cache/mod/github.com/pingcap/failpoint@v0.0.0-20210316064728-7acb0f0a3dfd/failpoints.go:273

[2021-11-22T15:36:10.639Z]         	            	github.com/pingcap/tidb/executor.(*HashAggFinalWorker).getFinalResult

[2021-11-22T15:36:10.639Z]         	            		/home/jenkins/agent/workspace/tidb_ghpr_coverage/go/src/github.com/pingcap/tidb/executor/aggregate.go:710

[2021-11-22T15:36:10.639Z]         	            	github.com/pingcap/tidb/executor.(*HashAggFinalWorker).run

[2021-11-22T15:36:10.639Z]         	            		/home/jenkins/agent/workspace/tidb_ghpr_coverage/go/src/github.com/pingcap/tidb/executor/aggregate.go:759

[2021-11-22T15:36:10.639Z]         	            	runtime.goexit

[2021-11-22T15:36:10.639Z]         	            		/usr/local/go/src/runtime/asm_amd64.s:1371

[2021-11-22T15:36:10.640Z]         	Test:       	TestIssue23277

[2021-11-22T15:36:10.640Z]         	Messages:   	sql:select avg(a) from t group by a, args:[]


##################################################
[2021-11-22T15:36:10.634Z] [2021/11/22 23:35:49.937 +08:00] [INFO] [db.go:625] ["Waiting for closer"]

[2021-11-22T15:36:10.634Z] --- FAIL: TestAggEliminator (0.50s)

[2021-11-22T15:36:10.634Z]     testkit.go:116: 

[2021-11-22T15:36:10.634Z]         	Error Trace:	testkit.go:116

[2021-11-22T15:36:10.634Z]         	            				testkit.go:110

[2021-11-22T15:36:10.634Z]         	            				testkit.go:93

[2021-11-22T15:36:10.634Z]         	            				aggregate_test.go:976

[2021-11-22T15:36:10.634Z]         	Error:      	Received unexpected error:

[2021-11-22T15:36:10.634Z]         	            	failpoint panic: ERROR 1105 (HY000): Out Of Memory Quota![conn_id=1]

[2021-11-22T15:36:10.634Z]         	            	github.com/pingcap/tidb/executor.(*recordSet).Next.func1

[2021-11-22T15:36:10.634Z]         	            		/home/jenkins/agent/workspace/tidb_ghpr_coverage/go/src/github.com/pingcap/tidb/executor/adapter.go:143

[2021-11-22T15:36:10.634Z]         	            	runtime.gopanic

[2021-11-22T15:36:10.634Z]         	            		/usr/local/go/src/runtime/panic.go:965

[2021-11-22T15:36:10.634Z]         	            	github.com/pingcap/failpoint.actPanic

[2021-11-22T15:36:10.634Z]         	            		/nfs/cache/mod/github.com/pingcap/failpoint@v0.0.0-20210316064728-7acb0f0a3dfd/terms.go:343

[2021-11-22T15:36:10.634Z]         	            	github.com/pingcap/failpoint.(*term).do

[2021-11-22T15:36:10.634Z]         	            		/nfs/cache/mod/github.com/pingcap/failpoint@v0.0.0-20210316064728-7acb0f0a3dfd/terms.go:310

[2021-11-22T15:36:10.634Z]         	            	github.com/pingcap/failpoint.(*terms).eval

[2021-11-22T15:36:10.634Z]         	            		/nfs/cache/mod/github.com/pingcap/failpoint@v0.0.0-20210316064728-7acb0f0a3dfd/terms.go:115

[2021-11-22T15:36:10.634Z]         	            	github.com/pingcap/failpoint.(*Failpoint).Eval

[2021-11-22T15:36:10.634Z]         	            		/nfs/cache/mod/github.com/pingcap/failpoint@v0.0.0-20210316064728-7acb0f0a3dfd/failpoint.go:109

[2021-11-22T15:36:10.634Z]         	            	github.com/pingcap/failpoint.(*Failpoints).Eval

[2021-11-22T15:36:10.634Z]         	            		/nfs/cache/mod/github.com/pingcap/failpoint@v0.0.0-20210316064728-7acb0f0a3dfd/failpoints.go:212

[2021-11-22T15:36:10.634Z]         	            	github.com/pingcap/failpoint.Eval

[2021-11-22T15:36:10.634Z]         	            		/nfs/cache/mod/github.com/pingcap/failpoint@v0.0.0-20210316064728-7acb0f0a3dfd/failpoints.go:273

[2021-11-22T15:36:10.634Z]         	            	github.com/pingcap/tidb/executor.(*StreamAggExec).consumeCurGroupRowsAndFetchChild

[2021-11-22T15:36:10.634Z]         	            		/home/jenkins/agent/workspace/tidb_ghpr_coverage/go/src/github.com/pingcap/tidb/executor/aggregate.go:1368

[2021-11-22T15:36:10.634Z]         	            	github.com/pingcap/tidb/executor.(*StreamAggExec).consumeOneGroup

[2021-11-22T15:36:10.634Z]         	            		/home/jenkins/agent/workspace/tidb_ghpr_coverage/go/src/github.com/pingcap/tidb/executor/aggregate.go:1295

[2021-11-22T15:36:10.635Z]         	            	github.com/pingcap/tidb/executor.(*StreamAggExec).Next

[2021-11-22T15:36:10.635Z]         	            		/home/jenkins/agent/workspace/tidb_ghpr_coverage/go/src/github.com/pingcap/tidb/executor/aggregate.go:1284

[2021-11-22T15:36:10.635Z]         	            	github.com/pingcap/tidb/executor.Next

[2021-11-22T15:36:10.635Z]         	            		/home/jenkins/agent/workspace/tidb_ghpr_coverage/go/src/github.com/pingcap/tidb/executor/executor.go:286

[2021-11-22T15:36:10.635Z]         	            	github.com/pingcap/tidb/executor.(*recordSet).Next

[2021-11-22T15:36:10.635Z]         	            		/home/jenkins/agent/workspace/tidb_ghpr_coverage/go/src/github.com/pingcap/tidb/executor/adapter.go:147

[2021-11-22T15:36:10.635Z]         	            	github.com/pingcap/tidb/session.GetRows4Test

[2021-11-22T15:36:10.635Z]         	            		/home/jenkins/agent/workspace/tidb_ghpr_coverage/go/src/github.com/pingcap/tidb/session/tidb.go:325

[2021-11-22T15:36:10.635Z]         	            	github.com/pingcap/tidb/session.ResultSetToStringSlice

[2021-11-22T15:36:10.635Z]         	            		/home/jenkins/agent/workspace/tidb_ghpr_coverage/go/src/github.com/pingcap/tidb/session/tidb.go:343

[2021-11-22T15:36:10.635Z]         	            	github.com/pingcap/tidb/testkit.(*TestKit).ResultSetToResultWithCtx

[2021-11-22T15:36:10.635Z]         	            		/home/jenkins/agent/workspace/tidb_ghpr_coverage/go/src/github.com/pingcap/tidb/testkit/testkit.go:115

[2021-11-22T15:36:10.635Z]         	            	github.com/pingcap/tidb/testkit.(*TestKit).ResultSetToResult

[2021-11-22T15:36:10.635Z]         	            		/home/jenkins/agent/workspace/tidb_ghpr_coverage/go/src/github.com/pingcap/tidb/testkit/testkit.go:110

[2021-11-22T15:36:10.635Z]         	            	github.com/pingcap/tidb/testkit.(*TestKit).MustQuery

[2021-11-22T15:36:10.635Z]         	            		/home/jenkins/agent/workspace/tidb_ghpr_coverage/go/src/github.com/pingcap/tidb/testkit/testkit.go:93

[2021-11-22T15:36:10.635Z]         	            	github.com/pingcap/tidb/executor_test.TestAggEliminator

[2021-11-22T15:36:10.635Z]         	            		/home/jenkins/agent/workspace/tidb_ghpr_coverage/go/src/github.com/pingcap/tidb/executor/aggregate_test.go:976

[2021-11-22T15:36:10.635Z]         	            	testing.tRunner

[2021-11-22T15:36:10.635Z]         	            		/usr/local/go/src/testing/testing.go:1193

[2021-11-22T15:36:10.635Z]         	            	runtime.goexit

[2021-11-22T15:36:10.635Z]         	            		/usr/local/go/src/runtime/asm_amd64.s:1371

[2021-11-22T15:36:10.635Z]         	Test:       	TestAggEliminator

[2021-11-22T15:36:10.635Z]         	Messages:   	sql:select min(b) from t, args:[]

#######################################################
[2021-11-22T15:36:10.607Z] --- FAIL: TestAggregation (2.53s)
[2021-11-22T15:36:10.607Z]     testkit.go:91: 
[2021-11-22T15:36:10.607Z]         	Error Trace:	testkit.go:91
[2021-11-22T15:36:10.607Z]         	            				aggregate_test.go:478
[2021-11-22T15:36:10.607Z]         	Error:      	Received unexpected error:
[2021-11-22T15:36:10.607Z]         	            	failpoint panic: ERROR 1105 (HY000): Out Of Memory Quota![conn_id=1]
[2021-11-22T15:36:10.607Z]         	            	github.com/pingcap/tidb/executor.(*ExecStmt).Exec.func1
[2021-11-22T15:36:10.607Z]         	            		/home/jenkins/agent/workspace/tidb_ghpr_coverage/go/src/github.com/pingcap/tidb/executor/adapter.go:345
[2021-11-22T15:36:10.607Z]         	            	runtime.gopanic
[2021-11-22T15:36:10.607Z]         	            		/usr/local/go/src/runtime/panic.go:965
[2021-11-22T15:36:10.607Z]         	            	github.com/pingcap/tidb/executor.closeBaseExecutor
[2021-11-22T15:36:10.607Z]         	            		/home/jenkins/agent/workspace/tidb_ghpr_coverage/go/src/github.com/pingcap/tidb/executor/aggregate.go:357
[2021-11-22T15:36:10.607Z]         	            	runtime.gopanic
[2021-11-22T15:36:10.607Z]         	            		/usr/local/go/src/runtime/panic.go:965
[2021-11-22T15:36:10.607Z]         	            	github.com/pingcap/failpoint.actPanic
[2021-11-22T15:36:10.607Z]         	            		/nfs/cache/mod/github.com/pingcap/failpoint@v0.0.0-20210316064728-7acb0f0a3dfd/terms.go:343
[2021-11-22T15:36:10.607Z]         	            	github.com/pingcap/failpoint.(*term).do
[2021-11-22T15:36:10.607Z]         	            		/nfs/cache/mod/github.com/pingcap/failpoint@v0.0.0-20210316064728-7acb0f0a3dfd/terms.go:310
[2021-11-22T15:36:10.608Z]         	            	github.com/pingcap/failpoint.(*terms).eval
[2021-11-22T15:36:10.608Z]         	            		/nfs/cache/mod/github.com/pingcap/failpoint@v0.0.0-20210316064728-7acb0f0a3dfd/terms.go:115
[2021-11-22T15:36:10.608Z]         	            	github.com/pingcap/failpoint.(*Failpoint).Eval
[2021-11-22T15:36:10.608Z]         	            		/nfs/cache/mod/github.com/pingcap/failpoint@v0.0.0-20210316064728-7acb0f0a3dfd/failpoint.go:109
[2021-11-22T15:36:10.608Z]         	            	github.com/pingcap/failpoint.(*Failpoints).Eval
[2021-11-22T15:36:10.608Z]         	            		/nfs/cache/mod/github.com/pingcap/failpoint@v0.0.0-20210316064728-7acb0f0a3dfd/failpoints.go:212
[2021-11-22T15:36:10.608Z]         	            	github.com/pingcap/failpoint.Eval
[2021-11-22T15:36:10.608Z]         	            		/nfs/cache/mod/github.com/pingcap/failpoint@v0.0.0-20210316064728-7acb0f0a3dfd/failpoints.go:273
[2021-11-22T15:36:10.608Z]         	            	github.com/pingcap/tidb/executor.(*HashAggExec).initForParallelExec
[2021-11-22T15:36:10.608Z]         	            		/home/jenkins/agent/workspace/tidb_ghpr_coverage/go/src/github.com/pingcap/tidb/executor/aggregate.go:397
[2021-11-22T15:36:10.608Z]         	            	github.com/pingcap/tidb/executor.(*HashAggExec).Open
[2021-11-22T15:36:10.608Z]         	            		/home/jenkins/agent/workspace/tidb_ghpr_coverage/go/src/github.com/pingcap/tidb/executor/aggregate.go:325
[2021-11-22T15:36:10.608Z]         	            	github.com/pingcap/tidb/executor.(*ExecStmt).Exec
[2021-11-22T15:36:10.608Z]         	            		/home/jenkins/agent/workspace/tidb_ghpr_coverage/go/src/github.com/pingcap/tidb/executor/adapter.go:387
[2021-11-22T15:36:10.608Z]         	            	github.com/pingcap/tidb/session.runStmt
[2021-11-22T15:36:10.608Z]         	            		/home/jenkins/agent/workspace/tidb_ghpr_coverage/go/src/github.com/pingcap/tidb/session/session.go:1698
[2021-11-22T15:36:10.608Z]         	            	github.com/pingcap/tidb/session.(*session).ExecuteStmt
[2021-11-22T15:36:10.608Z]         	            		/home/jenkins/agent/workspace/tidb_ghpr_coverage/go/src/github.com/pingcap/tidb/session/session.go:1582
[2021-11-22T15:36:10.608Z]         	            	github.com/pingcap/tidb/testkit.(*TestKit).Exec
[2021-11-22T15:36:10.608Z]         	            		/home/jenkins/agent/workspace/tidb_ghpr_coverage/go/src/github.com/pingcap/tidb/testkit/testkit.go:145
[2021-11-22T15:36:10.608Z]         	            	github.com/pingcap/tidb/testkit.(*TestKit).MustQuery
[2021-11-22T15:36:10.608Z]         	            		/home/jenkins/agent/workspace/tidb_ghpr_coverage/go/src/github.com/pingcap/tidb/testkit/testkit.go:90
[2021-11-22T15:36:10.608Z]         	            	github.com/pingcap/tidb/executor_test.TestAggregation
[2021-11-22T15:36:10.608Z]         	            		/home/jenkins/agent/workspace/tidb_ghpr_coverage/go/src/github.com/pingcap/tidb/executor/aggregate_test.go:478
[2021-11-22T15:36:10.608Z]         	            	testing.tRunner
[2021-11-22T15:36:10.608Z]         	            		/usr/local/go/src/testing/testing.go:1193
[2021-11-22T15:36:10.608Z]         	            	runtime.goexit
[2021-11-22T15:36:10.608Z]         	            		/usr/local/go/src/runtime/asm_amd64.s:1371
[2021-11-22T15:36:10.608Z]         	Test:       	TestAggregation
[2021-11-22T15:36:10.608Z]         	Messages:   	sql:select  stddev_pop(id) from t1;, args:[]
###############################################
2021-11-22T15:36:10.622Z] --- FAIL: TestCTEWithLimit (1.37s)
[2021-11-22T15:36:10.622Z]     testkit.go:116: 
[2021-11-22T15:36:10.622Z]         	Error Trace:	testkit.go:116
[2021-11-22T15:36:10.622Z]         	            				testkit.go:110
[2021-11-22T15:36:10.622Z]         	            				testkit.go:93
[2021-11-22T15:36:10.622Z]         	            				cte_test.go:224
[2021-11-22T15:36:10.622Z]         	Error:      	Received unexpected error:
[2021-11-22T15:36:10.622Z]         	            	failpoint panic: ERROR 1105 (HY000): Out Of Memory Quota![conn_id=1]
[2021-11-22T15:36:10.622Z]         	            	github.com/pingcap/tidb/executor.recoveryHashAgg
[2021-11-22T15:36:10.622Z]         	            		/home/jenkins/agent/workspace/tidb_ghpr_coverage/go/src/github.com/pingcap/tidb/executor/aggregate.go:459
[2021-11-22T15:36:10.622Z]         	            	github.com/pingcap/tidb/executor.(*HashAggFinalWorker).run.func1
[2021-11-22T15:36:10.622Z]         	            		/home/jenkins/agent/workspace/tidb_ghpr_coverage/go/src/github.com/pingcap/tidb/executor/aggregate.go:749
[2021-11-22T15:36:10.622Z]         	            	runtime.gopanic
[2021-11-22T15:36:10.622Z]         	            		/usr/local/go/src/runtime/panic.go:965
[2021-11-22T15:36:10.622Z]         	            	github.com/pingcap/failpoint.actPanic
[2021-11-22T15:36:10.622Z]         	            		/nfs/cache/mod/github.com/pingcap/failpoint@v0.0.0-20210316064728-7acb0f0a3dfd/terms.go:343
[2021-11-22T15:36:10.622Z]         	            	github.com/pingcap/failpoint.(*term).do
[2021-11-22T15:36:10.622Z]         	            		/nfs/cache/mod/github.com/pingcap/failpoint@v0.0.0-20210316064728-7acb0f0a3dfd/terms.go:310
[2021-11-22T15:36:10.622Z]         	            	github.com/pingcap/failpoint.(*terms).eval
[2021-11-22T15:36:10.622Z]         	            		/nfs/cache/mod/github.com/pingcap/failpoint@v0.0.0-20210316064728-7acb0f0a3dfd/terms.go:115
[2021-11-22T15:36:10.622Z]         	            	github.com/pingcap/failpoint.(*Failpoint).Eval
[2021-11-22T15:36:10.622Z]         	            		/nfs/cache/mod/github.com/pingcap/failpoint@v0.0.0-20210316064728-7acb0f0a3dfd/failpoint.go:109
[2021-11-22T15:36:10.622Z]         	            	github.com/pingcap/failpoint.(*Failpoints).Eval
[2021-11-22T15:36:10.622Z]         	            		/nfs/cache/mod/github.com/pingcap/failpoint@v0.0.0-20210316064728-7acb0f0a3dfd/failpoints.go:212
[2021-11-22T15:36:10.622Z]         	            	github.com/pingcap/failpoint.Eval
[2021-11-22T15:36:10.622Z]         	            		/nfs/cache/mod/github.com/pingcap/failpoint@v0.0.0-20210316064728-7acb0f0a3dfd/failpoints.go:273
[2021-11-22T15:36:10.622Z]         	            	github.com/pingcap/tidb/executor.(*baseHashAggWorker).getPartialResult
[2021-11-22T15:36:10.622Z]         	            		/home/jenkins/agent/workspace/tidb_ghpr_coverage/go/src/github.com/pingcap/tidb/executor/aggregate.go:622
[2021-11-22T15:36:10.622Z]         	            	github.com/pingcap/tidb/executor.(*HashAggFinalWorker).getFinalResult
[2021-11-22T15:36:10.623Z]         	            		/home/jenkins/agent/workspace/tidb_ghpr_coverage/go/src/github.com/pingcap/tidb/executor/aggregate.go:712
[2021-11-22T15:36:10.623Z]         	            	github.com/pingcap/tidb/executor.(*HashAggFinalWorker).run
[2021-11-22T15:36:10.623Z]         	            		/home/jenkins/agent/workspace/tidb_ghpr_coverage/go/src/github.com/pingcap/tidb/executor/aggregate.go:759
[2021-11-22T15:36:10.623Z]         	            	runtime.goexit
[2021-11-22T15:36:10.623Z]         	            		/usr/local/go/src/runtime/asm_amd64.s:1371
[2021-11-22T15:36:10.623Z]         	Test:       	TestCTEWithLimit
[2021-11-22T15:36:10.623Z]         	Messages:   	sql:with recursive cte1(c1) as (select 1 union select 2 order by 1 limit 1 offset 1) select * from cte1, args:[]
#############################################
[2021-11-22T15:36:10.625Z] --- FAIL: TestIssue10099 (0.59s)
[2021-11-22T15:36:10.625Z]     testkit.go:91: 
[2021-11-22T15:36:10.625Z]         	Error Trace:	testkit.go:91
[2021-11-22T15:36:10.625Z]         	            				aggregate_test.go:1127
[2021-11-22T15:36:10.625Z]         	Error:      	Received unexpected error:
[2021-11-22T15:36:10.625Z]         	            	failpoint panic: ERROR 1105 (HY000): Out Of Memory Quota![conn_id=1]
[2021-11-22T15:36:10.625Z]         	            	github.com/pingcap/tidb/executor.(*ExecStmt).Exec.func1
[2021-11-22T15:36:10.625Z]         	            		/home/jenkins/agent/workspace/tidb_ghpr_coverage/go/src/github.com/pingcap/tidb/executor/adapter.go:345
[2021-11-22T15:36:10.625Z]         	            	runtime.gopanic
[2021-11-22T15:36:10.625Z]         	            		/usr/local/go/src/runtime/panic.go:965
[2021-11-22T15:36:10.625Z]         	            	github.com/pingcap/tidb/executor.closeBaseExecutor
[2021-11-22T15:36:10.625Z]         	            		/home/jenkins/agent/workspace/tidb_ghpr_coverage/go/src/github.com/pingcap/tidb/executor/aggregate.go:357
[2021-11-22T15:36:10.625Z]         	            	runtime.gopanic
[2021-11-22T15:36:10.625Z]         	            		/usr/local/go/src/runtime/panic.go:965
[2021-11-22T15:36:10.625Z]         	            	github.com/pingcap/failpoint.actPanic
[2021-11-22T15:36:10.625Z]         	            		/nfs/cache/mod/github.com/pingcap/failpoint@v0.0.0-20210316064728-7acb0f0a3dfd/terms.go:343
[2021-11-22T15:36:10.625Z]         	            	github.com/pingcap/failpoint.(*term).do
[2021-11-22T15:36:10.625Z]         	            		/nfs/cache/mod/github.com/pingcap/failpoint@v0.0.0-20210316064728-7acb0f0a3dfd/terms.go:310
[2021-11-22T15:36:10.625Z]         	            	github.com/pingcap/failpoint.(*terms).eval
[2021-11-22T15:36:10.625Z]         	            		/nfs/cache/mod/github.com/pingcap/failpoint@v0.0.0-20210316064728-7acb0f0a3dfd/terms.go:115
[2021-11-22T15:36:10.626Z]         	            	github.com/pingcap/failpoint.(*Failpoint).Eval
[2021-11-22T15:36:10.626Z]         	            		/nfs/cache/mod/github.com/pingcap/failpoint@v0.0.0-20210316064728-7acb0f0a3dfd/failpoint.go:109
[2021-11-22T15:36:10.626Z]         	            	github.com/pingcap/failpoint.(*Failpoints).Eval
[2021-11-22T15:36:10.626Z]         	            		/nfs/cache/mod/github.com/pingcap/failpoint@v0.0.0-20210316064728-7acb0f0a3dfd/failpoints.go:212
[2021-11-22T15:36:10.626Z]         	            	github.com/pingcap/failpoint.Eval
[2021-11-22T15:36:10.626Z]         	            		/nfs/cache/mod/github.com/pingcap/failpoint@v0.0.0-20210316064728-7acb0f0a3dfd/failpoints.go:273
[2021-11-22T15:36:10.626Z]         	            	github.com/pingcap/tidb/executor.(*StreamAggExec).Open
[2021-11-22T15:36:10.626Z]         	            		/home/jenkins/agent/workspace/tidb_ghpr_coverage/go/src/github.com/pingcap/tidb/executor/aggregate.go:1265
[2021-11-22T15:36:10.626Z]         	            	github.com/pingcap/tidb/executor.(*ExecStmt).Exec
[2021-11-22T15:36:10.626Z]         	            		/home/jenkins/agent/workspace/tidb_ghpr_coverage/go/src/github.com/pingcap/tidb/executor/adapter.go:387
[2021-11-22T15:36:10.626Z]         	            	github.com/pingcap/tidb/session.runStmt
[2021-11-22T15:36:10.626Z]         	            		/home/jenkins/agent/workspace/tidb_ghpr_coverage/go/src/github.com/pingcap/tidb/session/session.go:1698
[2021-11-22T15:36:10.626Z]         	            	github.com/pingcap/tidb/session.(*session).ExecuteStmt
[2021-11-22T15:36:10.626Z]         	            		/home/jenkins/agent/workspace/tidb_ghpr_coverage/go/src/github.com/pingcap/tidb/session/session.go:1582
[2021-11-22T15:36:10.626Z]         	            	github.com/pingcap/tidb/testkit.(*TestKit).Exec
[2021-11-22T15:36:10.626Z]         	            		/home/jenkins/agent/workspace/tidb_ghpr_coverage/go/src/github.com/pingcap/tidb/testkit/testkit.go:145
[2021-11-22T15:36:10.626Z]         	            	github.com/pingcap/tidb/testkit.(*TestKit).MustQuery
[2021-11-22T15:36:10.626Z]         	            		/home/jenkins/agent/workspace/tidb_ghpr_coverage/go/src/github.com/pingcap/tidb/testkit/testkit.go:90
[2021-11-22T15:36:10.626Z]         	            	github.com/pingcap/tidb/executor_test.TestIssue10099
[2021-11-22T15:36:10.626Z]         	            		/home/jenkins/agent/workspace/tidb_ghpr_coverage/go/src/github.com/pingcap/tidb/executor/aggregate_test.go:1127
[2021-11-22T15:36:10.626Z]         	            	testing.tRunner
[2021-11-22T15:36:10.626Z]         	            		/usr/local/go/src/testing/testing.go:1193
[2021-11-22T15:36:10.626Z]         	            	runtime.goexit
[2021-11-22T15:36:10.626Z]         	            		/usr/local/go/src/runtime/asm_amd64.s:1371
[2021-11-22T15:36:10.626Z]         	Test:       	TestIssue10099
[2021-11-22T15:36:10.626Z]         	Messages:   	sql:select count(distinct a, b) from t, args:[]
#######################################################
[2021-11-22T15:36:10.629Z] --- FAIL: TestAggJSON (0.56s)
[2021-11-22T15:36:10.629Z]     testkit.go:116: 
[2021-11-22T15:36:10.629Z]         	Error Trace:	testkit.go:116
[2021-11-22T15:36:10.629Z]         	            				testkit.go:110
[2021-11-22T15:36:10.629Z]         	            				testkit.go:93
[2021-11-22T15:36:10.629Z]         	            				aggregate_test.go:1083
[2021-11-22T15:36:10.629Z]         	Error:      	Received unexpected error:
[2021-11-22T15:36:10.629Z]         	            	failpoint panic: ERROR 1105 (HY000): Out Of Memory Quota![conn_id=1]
[2021-11-22T15:36:10.629Z]         	            	github.com/pingcap/tidb/executor.recoveryProjection
[2021-11-22T15:36:10.629Z]         	            		/home/jenkins/agent/workspace/tidb_ghpr_coverage/go/src/github.com/pingcap/tidb/executor/projection.go:453
[2021-11-22T15:36:10.629Z]         	            	github.com/pingcap/tidb/executor.(*projectionInputFetcher).run.func1
[2021-11-22T15:36:10.629Z]         	            		/home/jenkins/agent/workspace/tidb_ghpr_coverage/go/src/github.com/pingcap/tidb/executor/projection.go:357
[2021-11-22T15:36:10.629Z]         	            	runtime.gopanic
[2021-11-22T15:36:10.629Z]         	            		/usr/local/go/src/runtime/panic.go:965
[2021-11-22T15:36:10.629Z]         	            	github.com/pingcap/failpoint.actPanic
[2021-11-22T15:36:10.629Z]         	            		/nfs/cache/mod/github.com/pingcap/failpoint@v0.0.0-20210316064728-7acb0f0a3dfd/terms.go:343
[2021-11-22T15:36:10.629Z]         	            	github.com/pingcap/failpoint.(*term).do
[2021-11-22T15:36:10.629Z]         	            		/nfs/cache/mod/github.com/pingcap/failpoint@v0.0.0-20210316064728-7acb0f0a3dfd/terms.go:310
[2021-11-22T15:36:10.629Z]         	            	github.com/pingcap/failpoint.(*terms).eval
[2021-11-22T15:36:10.629Z]         	            		/nfs/cache/mod/github.com/pingcap/failpoint@v0.0.0-20210316064728-7acb0f0a3dfd/terms.go:115
[2021-11-22T15:36:10.629Z]         	            	github.com/pingcap/failpoint.(*Failpoint).Eval
[2021-11-22T15:36:10.629Z]         	            		/nfs/cache/mod/github.com/pingcap/failpoint@v0.0.0-20210316064728-7acb0f0a3dfd/failpoint.go:109
[2021-11-22T15:36:10.629Z]         	            	github.com/pingcap/failpoint.(*Failpoints).Eval
[2021-11-22T15:36:10.629Z]         	            		/nfs/cache/mod/github.com/pingcap/failpoint@v0.0.0-20210316064728-7acb0f0a3dfd/failpoints.go:212
[2021-11-22T15:36:10.629Z]         	            	github.com/pingcap/failpoint.Eval
[2021-11-22T15:36:10.629Z]         	            		/nfs/cache/mod/github.com/pingcap/failpoint@v0.0.0-20210316064728-7acb0f0a3dfd/failpoints.go:273
[2021-11-22T15:36:10.629Z]         	            	github.com/pingcap/tidb/executor.(*StreamAggExec).consumeCurGroupRowsAndFetchChild
[2021-11-22T15:36:10.629Z]         	            		/home/jenkins/agent/workspace/tidb_ghpr_coverage/go/src/github.com/pingcap/tidb/executor/aggregate.go:1368
[2021-11-22T15:36:10.629Z]         	            	github.com/pingcap/tidb/executor.(*StreamAggExec).consumeOneGroup
[2021-11-22T15:36:10.629Z]         	            		/home/jenkins/agent/workspace/tidb_ghpr_coverage/go/src/github.com/pingcap/tidb/executor/aggregate.go:1295
[2021-11-22T15:36:10.629Z]         	            	github.com/pingcap/tidb/executor.(*StreamAggExec).Next
[2021-11-22T15:36:10.630Z]         	            		/home/jenkins/agent/workspace/tidb_ghpr_coverage/go/src/github.com/pingcap/tidb/executor/aggregate.go:1284
[2021-11-22T15:36:10.630Z]         	            	github.com/pingcap/tidb/executor.Next
[2021-11-22T15:36:10.630Z]         	            		/home/jenkins/agent/workspace/tidb_ghpr_coverage/go/src/github.com/pingcap/tidb/executor/executor.go:286
[2021-11-22T15:36:10.630Z]         	            	github.com/pingcap/tidb/executor.(*projectionInputFetcher).run
[2021-11-22T15:36:10.630Z]         	            		/home/jenkins/agent/workspace/tidb_ghpr_coverage/go/src/github.com/pingcap/tidb/executor/projection.go:381
[2021-11-22T15:36:10.630Z]         	            	runtime.goexit
[2021-11-22T15:36:10.630Z]         	            		/usr/local/go/src/runtime/asm_amd64.s:1371
[2021-11-22T15:36:10.630Z]         	Test:       	TestAggJSON
[2021-11-22T15:36:10.630Z]         	Messages:   	sql:select b from t group by a order by a;, args:[]
```
<!-- a step by step guide for reproducing the bug. -->

### 2. What did you expect to see? (Required)

### 3. What did you see instead (Required)

### 4. What is your TiDB version? (Required)

<!-- Paste the output of SELECT tidb_version() -->

