ID: 32057
Title: unstable test in the  TestDDLStatsInfo
Description:
## Bug Report

Please answer these questions before submitting your issue. Thanks!

### 1. Minimal reproduce step (Required)

```
[2022-01-28T09:30:07.498Z] --- FAIL: TestTestSerialStatSuite (3.15s)

[2022-01-28T09:30:07.498Z]     --- FAIL: TestTestSerialStatSuite/TestDDLStatsInfo (2.63s)

[2022-01-28T09:30:07.498Z]         stat_test.go:116: 

[2022-01-28T09:30:07.498Z]             	Error Trace:	stat_test.go:116

[2022-01-28T09:30:07.498Z]             	Error:      	Not equal: 

[2022-01-28T09:30:07.498Z]             	            	expected: "key: "

[2022-01-28T09:30:07.498Z]             	            	actual  : "1"

[2022-01-28T09:30:07.498Z]             	            	

[2022-01-28T09:30:07.498Z]             	            	Diff:

[2022-01-28T09:30:07.498Z]             	            	--- Expected

[2022-01-28T09:30:07.498Z]             	            	+++ Actual

[2022-01-28T09:30:07.498Z]             	            	@@ -1 +1 @@

[2022-01-28T09:30:07.498Z]             	            	-key: 

[2022-01-28T09:30:07.498Z]             	            	+1

[2022-01-28T09:30:07.498Z]             	Test:       	TestTestSerialStatSuite/TestDDLStatsInfo

```
<!-- a step by step guide for reproducing the bug. -->

### 2. What did you expect to see? (Required)

### 3. What did you see instead (Required)

### 4. What is your TiDB version? (Required)

<!-- Paste the output of SELECT tidb_version() -->

