ID: 49014
Title: `TestCPUValue` and `TestGetCgroupCPU` always failed on non-docker env
Description:
## Bug Report

Some error logs
```
   3 [2023/11/29 15:52:42.804 +08:00] [ERROR] [cpu.go:65] [GetCgroupCPU] [error="error when read cpu quota from cgroup v2 at /sys/fs/cgroup/user.slice/user-1000.slice/session-725.scope/cpu.max: open /sys/fs/cgroup/user.slice/user-1000.slice/session-725.scope/cpu.max: no s     uch file or directory"] [errorVerbose="error when read cpu quota from cgroup v2 at /sys/fs/cgroup/user.slice/user-1000.slice/session-725.scope/cpu.max: open /sys/fs/cgroup/user.slice/user-1000.slice/session-725.scope/cpu.max: no such file or directory\n(1) attached s     tack trace\n  -- stack trace:\n  | github.com/pingcap/tidb/pkg/util/cgroup.detectCPUQuotaInV2\n  | \t/home/jasonmo/tidb/pkg/util/cgroup/cgroup.go:374\n  | github.com/pingcap/tidb/pkg/util/cgroup.getCgroupCPU\n  | \t/home/jasonmo/tidb/pkg/util/cgroup/cgroup_cpu.go:75\     n  | github.com/pingcap/tidb/pkg/util/cgroup.GetCgroupCPU\n  | \t/home/jasonmo/tidb/pkg/util/cgroup/cgroup_cpu_linux.go:38\n  | github.com/pingcap/tidb/pkg/util/cpu.(*Observer).Start\n  | \t/home/jasonmo/tidb/pkg/util/cpu/cpu.go:62\n  | github.com/pingcap/tidb/pkg/ut     il/cpu_test.TestCPUValue\n  | \t/home/jasonmo/tidb/pkg/util/cpu/cpu_test.go:54\n  | testing.tRunner\n  | \t/usr/local/go/src/testing/testing.go:1595\n  | runtime.goexit\n  | \t/usr/local/go/src/runtime/asm_amd64.s:1650\nWraps: (2) error when read cpu quota from cgrou     p v2 at /sys/fs/cgroup/user.slice/user-1000.slice/session-725.scope/cpu.max\nWraps: (3) open /sys/fs/cgroup/user.slice/user-1000.slice/session-725.scope/cpu.max\nWraps: (4) no such file or directory\nError types: (1) *withstack.withStack (2) *errutil.withPrefix (3) *     fs.PathError (4) syscall.Errno"] [stack="github.com/pingcap/tidb/pkg/util/cpu.(*Observer).Start\n\t/home/jasonmo/tidb/pkg/util/cpu/cpu.go:65\ngithub.com/pingcap/tidb/pkg/util/cpu_test.TestCPUValue\n\t/home/jasonmo/tidb/pkg/util/cpu/cpu_test.go:54\ntesting.tRunner\n\t     /usr/local/go/src/testing/testing.go:1595"]
   4 --- FAIL: TestCPUValue (0.20s)
   5     cpu_test.go:58:
   6             Error Trace:    /home/jasonmo/tidb/pkg/util/cpu/cpu_test.go:58
   7             Error:          Should be false
   8             Test:           TestCPUValue
```

```
2422 --- FAIL: TestGetCgroupCPU (0.00s)
2423     cgroup_cpu_test.go:99:
2424             Error Trace:    /home/jasonmo/tidb/pkg/util/cgroup/cgroup_cpu_test.go:99
2425             Error:          Received unexpected error:
2426                             error when read cpu quota from cgroup v2 at /sys/fs/cgroup/user.slice/user-1000.slice/session-725.scope/cpu.max: open /sys/fs/cgroup/user.slice/user-1000.slice/session-725.scope/cpu.max: no such file or directory
2427                             (1) attached stack trace
2428                               -- stack trace:
2429                               | github.com/pingcap/tidb/pkg/util/cgroup.detectCPUQuotaInV2
2430                               |     /home/jasonmo/tidb/pkg/util/cgroup/cgroup.go:374
2431                               | github.com/pingcap/tidb/pkg/util/cgroup.getCgroupCPU
2432                               |     /home/jasonmo/tidb/pkg/util/cgroup/cgroup_cpu.go:75
2433                               | github.com/pingcap/tidb/pkg/util/cgroup.GetCgroupCPU
2434                               |     /home/jasonmo/tidb/pkg/util/cgroup/cgroup_cpu_linux.go:38
2435                               | github.com/pingcap/tidb/pkg/util/cgroup.TestGetCgroupCPU
2436                               |     /home/jasonmo/tidb/pkg/util/cgroup/cgroup_cpu_test.go:90
2437                               | testing.tRunner
2438                               |     /usr/local/go/src/testing/testing.go:1595
2439                               | runtime.goexit
2440                               |     /usr/local/go/src/runtime/asm_amd64.s:1650
2441                             Wraps: (2) error when read cpu quota from cgroup v2 at /sys/fs/cgroup/user.slice/user-1000.slice/session-725.scope/cpu.max
2442                             Wraps: (3) open /sys/fs/cgroup/user.slice/user-1000.slice/session-725.scope/cpu.max
2443                             Wraps: (4) no such file or directory
2444                             Error types: (1) *withstack.withStack (2) *errutil.withPrefix (3) *fs.PathError (4) syscall.Errno
2445             Test:           TestGetCgroupCPU
2446 FAIL
2447 err=exit status 1
```
