ID: 1098
Title: [Bug]:  'rapidjson/error/en.h' file not found
Description:
### Please check the issue list for the same bug

- [X] Please checked issue list and confirm this bug is encountered for the first time.
- [X] Please try full text in English and attach precise description.

### Environment

```markdown
- OB Version&commit_id or other module version&commit_id (e.g. observer V3.1.2 8b23a93):
- Hardware parameter:OS type & Compliler & CPU etc. 
- Others


In file included from <built-in>:1:
In file included from /home/longda/repo/oceanbase.my/build_debug/src/CMakeFiles/server_pch.dir/cmake_pch.hxx:112:
/home/longda/repo/oceanbase.my/deps/oblib/src/lib/json_type/ob_json_tree.h:23:10: fatal error: 'rapidjson/error/en.h' file not found
#include <rapidjson/error/en.h>
         ^~~~~~~~~~~~~~~~~~~~~~
In file included from <built-in>:1:
In file included from /home/longda/repo/oceanbase.my/build_debug/deps/oblib/src/lib/CMakeFiles/malloc_hook.dir/cmake_pch.hxx:112:
/home/longda/repo/oceanbase.my/deps/oblib/src/lib/json_type/ob_json_tree.h:23:10: fatal error: 'rapidjson/error/en.h' file not found
#include <rapidjson/error/en.h>
         ^~~~~~~~~~~~~~~~~~~~~~
In file included from <built-in>:1:
In file included from /home/longda/repo/oceanbase.my/build_debug/deps/oblib/src/CMakeFiles/lib_pch.dir/cmake_pch.hxx:112:
/home/longda/repo/oceanbase.my/deps/oblib/src/lib/json_type/ob_json_tree.h:23:10: fatal error: 'rapidjson/error/en.h' file not found
#include <rapidjson/error/en.h>
         ^~~~~~~~~~~~~~~~~~~~~~
1 error generated.

```
```


### Fast Reproduce Steps(Required)

./build.sh
cd build_debug
make -j 8

### Actual Behavior

/home/longda/repo/oceanbase.my/deps/oblib/src/lib/json_type/ob_json_tree.h:23:10: fatal error: 'rapidjson/error/en.h' file not found
#include <rapidjson/error/en.h>
         ^~~~~~~~~~~~~~~~~~~~~~

### Expected Behavior

_No response_

### other information

_No response_